#
# A fatal error has been detected by the Java Runtime Environment:
#
#  Internal Error (jvmciRuntime.cpp:1609), pid=5422, tid=5440
#  fatal error: Fatal exception in JVMCI: Error calling jdk.vm.ci.services.Services.serializeSavedProperties
#
# JRE version: OpenJDK Runtime Environment GraalVM CE 22.3.0 (17.0.5+8) (build 17.0.5+8-jvmci-22.3-b08)
# Java VM: OpenJDK 64-Bit Server VM GraalVM CE 22.3.0 (17.0.5+8-jvmci-22.3-b08, mixed mode, sharing, tiered, jvmci, jvmci compiler, compressed oops, compressed class ptrs, parallel gc, linux-amd64)
# Problematic frame:
# V  [libjvm.so+0x972714]  JVMCIRuntime::fatal_exception(JVMCIEnv*, char const*)+0x74
#
# Core dump will be written. Default location: Core dumps may be processed with "/usr/share/apport/apport -p%p -s%s -c%c -d%d -P%P -u%u -g%g -- %E" (or dumping to /home/runner/Card-Game-Aggregation-Part-2-SaxonHays/core.5422)
#
# If you would like to submit a bug report, please visit:
#   https://github.com/oracle/graal/issues
#

---------------  S U M M A R Y ------------

Command Line: -XX:ThreadPriorityPolicy=1 -XX:+UnlockExperimentalVMOptions -XX:+EnableJVMCIProduct -XX:JVMCIThreadsPerNativeLibraryRuntime=1 -XX:-UnlockExperimentalVMOptions -Declipse.application=org.eclipse.jdt.ls.core.id1 -Dosgi.bundles.defaultStartLevel=4 -Declipse.product=org.eclipse.jdt.ls.core.product -Dlog.level=ALL -Xverify:none -XX:+UseParallelGC -XX:GCTimeRatio=4 -XX:AdaptiveSizePolicyWeight=90 -Dsun.zip.disableMemoryMapping=true -Xmx512m -Xms100m /nix/store/a7s9klvriqi68xz3qjc0qyfl5h86xc16-jdt-language-server-1.9.0/share/java/plugins/org.eclipse.equinox.launcher_1.6.400.v20210924-0641.jar --add-modules=ALL-SYSTEM --add-opens java.base/java.util=ALL-UNNAMED --add-opens java.base/java.lang=ALL-UNNAMED -configuration /home/runner/.cache/jdt-language-server/config -data /home/runner/.cache/jdt-language-server/data/home/runner/Card-Game-Aggregation-Part-2-SaxonHays

Host: Intel(R) Xeon(R) CPU @ 2.20GHz, 16 cores, 3G, Ubuntu 20.04.2 LTS
Time: Wed Sep 20 02:36:17 2023 UTC elapsed time: 352.709171 seconds (0d 0h 5m 52s)

---------------  T H R E A D  ---------------

Current thread (0x00007ff6800d2d60):  JavaThread "JVMCI-native CompilerThread0" daemon [_thread_in_vm, id=5440, stack(0x00007ff66621a000,0x00007ff66641a000)]


Current CompileTask:
JVMCI-native: 352709 7720       4       java.util.concurrent.locks.AbstractQueuedSynchronizer::release (19 bytes)

Stack: [0x00007ff66621a000,0x00007ff66641a000],  sp=0x00007ff666418380,  free space=2040k
Native frames: (J=compiled Java code, j=interpreted, Vv=VM code, C=native code)
V  [libjvm.so+0x972714]  JVMCIRuntime::fatal_exception(JVMCIEnv*, char const*)+0x74
V  [libjvm.so+0x93e2fe]  JVMCIEnv::copy_saved_properties()+0x14e
V  [libjvm.so+0x9732a9]  JVMCIRuntime::initialize(JVMCIEnv*)+0xb19
V  [libjvm.so+0x9738a2]  JVMCIRuntime::get_HotSpotJVMCIRuntime(JVMCIEnv*)+0x12
V  [libjvm.so+0x9749f2]  JVMCIRuntime::compile_method(JVMCIEnv*, JVMCICompiler*, methodHandle const&, int)+0xd2
V  [libjvm.so+0x5b0d20]  CompileBroker::invoke_compiler_on_method(CompileTask*)+0x1470
V  [libjvm.so+0x5b12e8]  CompileBroker::compiler_thread_loop()+0x528
V  [libjvm.so+0xd82460]  JavaThread::thread_main_inner()+0xd0
V  [libjvm.so+0xd85a40]  Thread::call_run()+0xc0
V  [libjvm.so+0xbdb1e1]  thread_native_entry(Thread*)+0xe1

Register to memory mapping:

RAX=0x00007ff6861ea000 points into unknown readable memory: 0x0000000000000058 | 58 00 00 00 00 00 00 00
RBX=0x00007ff6872e5398: <offset 0x0000000000ef5398> in /nix/store/gpxl5qgg8kicmcvivwmybwjlpf7wh20l-graalvm17-ce-22.3.0/lib/server/libjvm.so at 0x00007ff6863f0000
RCX=0x00007ff68729d1e8: <offset 0x0000000000ead1e8> in /nix/store/gpxl5qgg8kicmcvivwmybwjlpf7wh20l-graalvm17-ce-22.3.0/lib/server/libjvm.so at 0x00007ff6863f0000
RDX=0x0000000000000649 is an unknown value
RSP=0x00007ff666418380 is pointing into the stack for thread: 0x00007ff6800d2d60
RBP=0x00007ff6664183a0 is pointing into the stack for thread: 0x00007ff6800d2d60
RSI=0x00007ff6872e5c48: <offset 0x0000000000ef5c48> in /nix/store/gpxl5qgg8kicmcvivwmybwjlpf7wh20l-graalvm17-ce-22.3.0/lib/server/libjvm.so at 0x00007ff6863f0000
RDI=0x00000000e0000000 is an oop: org.eclipse.equinox.launcher.Main$StartupClassLoader 
{0x00000000e0000000} - klass: 'org/eclipse/equinox/launcher/Main$StartupClassLoader'
 - ---- fields (total size 13 words):
 - private 'defaultAssertionStatus' 'Z' @12  false
 - private final 'parent' 'Ljava/lang/ClassLoader;' @24  a 'jdk/internal/loader/ClassLoaders$PlatformClassLoader'{0x00000000e00001c8} (e00001c8)
 - private final 'name' 'Ljava/lang/String;' @28  NULL (0)
 - private final 'unnamedModule' 'Ljava/lang/Module;' @32  a 'java/lang/Module'{0x00000000e07812e8} (e07812e8)
 - private final 'nameAndId' 'Ljava/lang/String;' @36  "org.eclipse.equinox.launcher.Main$StartupClassLoader @33a10788"{0x00000000e0457870} (e0457870)
 - private final 'parallelLockMap' 'Ljava/util/concurrent/ConcurrentHashMap;' @40  NULL (0)
 - private final 'package2certs' 'Ljava/util/concurrent/ConcurrentHashMap;' @44  a 'java/util/concurrent/ConcurrentHashMap'{0x00000000e0454ce8} (e0454ce8)
 - private final 'classes' 'Ljava/util/ArrayList;' @48  a 'java/util/ArrayList'{0x00000000e0454428} (e0454428)
 - private final 'defaultDomain' 'Ljava/security/ProtectionDomain;' @52  a 'java/security/ProtectionDomain'{0x00000000e04543b8} (e04543b8)
 - private final 'packages' 'Ljava/util/concurrent/ConcurrentHashMap;' @56  a 'java/util/concurrent/ConcurrentHashMap'{0x00000000e0452dd8} (e0452dd8)
 - private final 'libraries' 'Ljdk/internal/loader/NativeLibraries;' @60  a 'jdk/internal/loader/NativeLibraries'{0x00000000e0452d78} (e0452d78)
 - final 'assertionLock' 'Ljava/lang/Object;' @64  a 'org/eclipse/equinox/launcher/Main$StartupClassLoader'{0x00000000e0000000} (e0000000)
 - private 'packageAssertionStatus' 'Ljava/util/Map;' @68  NULL (0)
 - 'classAssertionStatus' 'Ljava/util/Map;' @72  NULL (0)
 - private volatile 'classLoaderValueMap' 'Ljava/util/concurrent/ConcurrentHashMap;' @76  a 'java/util/concurrent/ConcurrentHashMap'{0x00000000e0452d38} (e0452d38)
 - private final 'pdcache' 'Ljava/util/Map;' @80  a 'java/util/concurrent/ConcurrentHashMap'{0x00000000e0452c48} (e0452c48)
 - private final 'ucp' 'Ljdk/internal/loader/URLClassPath;' @84  a 'jdk/internal/loader/URLClassPath'{0x00000000e0434200} (e0434200)
 - private final 'acc' 'Ljava/security/AccessControlContext;' @88  a 'java/security/AccessControlContext'{0x00000000e04341c0} (e04341c0)
 - private 'closeables' 'Ljava/util/WeakHashMap;' @92  a 'java/util/WeakHashMap'{0x00000000e04340e8} (e04340e8)
 - final synthetic 'this$0' 'Lorg/eclipse/equinox/launcher/Main;' @96  a 'org/eclipse/equinox/launcher/Main'{0x00000000e07bbde0} (e07bbde0)
R8 =0x00007ff6872e5398: <offset 0x0000000000ef5398> in /nix/store/gpxl5qgg8kicmcvivwmybwjlpf7wh20l-graalvm17-ce-22.3.0/lib/server/libjvm.so at 0x00007ff6863f0000
R9 =0x0000000000000003 is an unknown value
R10=0x00007ff687636da0: <offset 0x0000000001246da0> in /nix/store/gpxl5qgg8kicmcvivwmybwjlpf7wh20l-graalvm17-ce-22.3.0/lib/server/libjvm.so at 0x00007ff6863f0000
R11=0x0000000000000246 is an unknown value
R12=0x0 is NULL
R13=0x00007ff6800d2d60 is a thread
R14=0x00007ff680000b80 points into unknown readable memory: 0x00007ff687516a38 | 38 6a 51 87 f6 7f 00 00
R15=0x00007ff687624e40: <offset 0x0000000001234e40> in /nix/store/gpxl5qgg8kicmcvivwmybwjlpf7wh20l-graalvm17-ce-22.3.0/lib/server/libjvm.so at 0x00007ff6863f0000


Registers:
RAX=0x00007ff6861ea000, RBX=0x00007ff6872e5398, RCX=0x00007ff68729d1e8, RDX=0x0000000000000649
RSP=0x00007ff666418380, RBP=0x00007ff6664183a0, RSI=0x00007ff6872e5c48, RDI=0x00000000e0000000
R8 =0x00007ff6872e5398, R9 =0x0000000000000003, R10=0x00007ff687636da0, R11=0x0000000000000246
R12=0x0000000000000000, R13=0x00007ff6800d2d60, R14=0x00007ff680000b80, R15=0x00007ff687624e40
RIP=0x00007ff686d62714, EFLAGS=0x0000000000010206, CSGSFS=0x002b000000000033, ERR=0x0000000000000006
  TRAPNO=0x000000000000000e

Top of Stack: (sp=0x00007ff666418380)
0x00007ff666418380:   00007ff666418940 00007ff6800d2d60
0x00007ff666418390:   00007ff684b7b8c8 0000000800c417a0
0x00007ff6664183a0:   00007ff666418500 00007ff686d2e2fe
0x00007ff6664183b0:   00007ff6664183e0 00007ff666418440 

Instructions: (pc=0x00007ff686d62714)
0x00007ff686d62614:   30 e8 f6 cf e8 ff 4c 89 e7 e8 2e 48 d1 ff 84 db
0x00007ff686d62624:   75 2a 4d 85 ed 74 04 4d 8b 6d 00 48 83 c4 08 44
0x00007ff686d62634:   89 f9 4c 89 f2 4c 89 ee 5b 4c 89 e7 41 5c 41 5d
0x00007ff686d62644:   41 5e 41 5f 5d e9 e2 47 d1 ff 66 90 48 83 c4 08
0x00007ff686d62654:   5b 41 5c 41 5d 41 5e 41 5f 5d c3 90 31 d2 be 08
0x00007ff686d62664:   00 00 00 4c 89 ff e8 b1 78 a3 ff 49 89 c5 e9 37
0x00007ff686d62674:   ff ff ff 66 0f 1f 84 00 00 00 00 00 48 8b 7a 08
0x00007ff686d62684:   e9 6d ff ff ff 0f 1f 80 00 00 00 00 e8 5b 48 0a
0x00007ff686d62694:   00 84 c0 75 89 e9 6a ff ff ff 66 90 55 48 89 e5
0x00007ff686d626a4:   41 56 41 55 41 54 49 89 fc 53 48 89 f3 66 48 8d
0x00007ff686d626b4:   3d 27 5e 85 00 66 66 48 e8 df 43 8d ff 4c 8b 28
0x00007ff686d626c4:   8b 05 be 72 8a 00 85 c0 75 14 ba 01 00 00 00 48
0x00007ff686d626d4:   8d 0d ae 72 8a 00 f0 0f b1 11 85 c0 74 4e be c8
0x00007ff686d626e4:   00 00 00 4c 89 ef e8 01 0b 41 00 48 8d 05 12 ac
0x00007ff686d626f4:   85 00 49 89 d8 48 8d 0d e8 aa 53 00 ba 49 06 00
0x00007ff686d62704:   00 48 8d 35 3c 35 58 00 bf 00 00 00 e0 48 8b 00
0x00007ff686d62714:   c6 00 58 31 c0 e8 e2 91 c6 ff 5b 41 5c 41 5d 41
0x00007ff686d62724:   5e 5d e9 55 34 26 00 0f 1f 44 00 00 48 8d 05 81
0x00007ff686d62734:   a3 8b 00 48 89 df 4c 8b 30 e8 9e 43 8d ff 48 89
0x00007ff686d62744:   de 48 89 c2 49 8b 06 4c 89 f7 ff 50 08 4c 89 f7
0x00007ff686d62754:   e8 a7 5c 27 00 4d 85 e4 74 12 be 01 00 00 00 4c
0x00007ff686d62764:   89 e7 e8 35 43 fc ff eb 82 0f 1f 00 be 01 00 00
0x00007ff686d62774:   00 4c 89 ef e8 d3 fd ff ff e9 6d ff ff ff 66 66
0x00007ff686d62784:   2e 0f 1f 84 00 00 00 00 00 0f 1f 00 55 48 89 e5
0x00007ff686d62794:   41 57 41 56 41 55 41 54 53 48 81 ec 08 02 00 00
0x00007ff686d627a4:   64 48 8b 04 25 28 00 00 00 48 89 45 c8 8b 07 83
0x00007ff686d627b4:   f8 02 0f 84 11 04 00 00 4c 8b 6f 18 49 89 ff 49
0x00007ff686d627c4:   89 f4 4d 85 ed 74 14 4c 89 ef e8 5d 57 22 00 41
0x00007ff686d627d4:   8b 07 83 f8 02 0f 84 19 04 00 00 48 8d 1d 9a 06
0x00007ff686d627e4:   8a 00 4c 8d 35 0b 3c 58 00 eb 38 90 48 85 d2 7f
0x00007ff686d627f4:   0d 48 8d 05 b4 c0 85 00 48 83 38 00 7e 0e 41 8b
0x00007ff686d62804:   77 2c 4c 89 f7 31 c0 e8 a0 b2 f7 ff 49 8b 7f 18 


Stack slot to memory mapping:
stack at sp + 0 slots: 0x00007ff666418940 is pointing into the stack for thread: 0x00007ff6800d2d60
stack at sp + 1 slots: 0x00007ff6800d2d60 is a thread
stack at sp + 2 slots: 0x00007ff684b7b8c8 points into unknown readable memory: 0x65730018052dffff | ff ff 2d 05 18 00 73 65
stack at sp + 3 slots: 0x0000000800c417a0 is a pointer to class: 
jdk.vm.ci.services.Services {0x0000000800c417a0}
 - instance size:     2
 - klass size:        65
 - access:            public final synchronized 
 - state:             fully_initialized
 - name:              'jdk/vm/ci/services/Services'
 - super:             'java/lang/Object'
 - sub:               
 - arrays:            NULL
 - methods:           Array<T>(0x00007ff666c414e0)
 - method ordering:   Array<T>(0x0000000800928960)
 - default_methods:   Array<T>(0x0000000000000000)
 - local interfaces:  Array<T>(0x00000008005ce810)
 - trans. interfaces: Array<T>(0x00000008005ce810)
 - constants:         constant pool [427] {0x00007ff666c40450} for 'jdk/vm/ci/services/Services' cache=0x00007ff666c427b0
 - class loader data:  loader data: 0x00007ff680027ce0 of 'bootstrap'
 - source file:       'Services.java'
 - class annotations:       Array<T>(0x0000000000000000)
 - class type annotations:  Array<T>(0x0000000000000000)
 - field annotations:       Array<T>(0x0000000000000000)
 - field type annotations:  Array<T>(0x0000000000000000)
 - inner classes:     Array<T>(0x00007ff666c42780)
 - nest members:     Array<T>(0x00007ff666c427a0)
 - permitted subclasses:     Array<T>(0x00000008005ce7a0)
 - java mirror:       a 'java/lang/Class'{0x00000000e0316a80} = 'jdk/vm/ci/services/Services'
 - vtable length      5  (start addr: 0x0000000800c41970)
 - itable length      2 (start addr: 0x0000000800c41998)
 - ---- static fields (3 words):
 - public static final 'IS_BUILDING_NATIVE_IMAGE' 'Z' @128 
 - public static final 'IS_IN_NATIVE_IMAGE' 'Z' @129 
 - private static volatile 'savedProperties' 'Ljava/util/Map;' @112 
 - static final 'JVMCI_ENABLED' 'Z' @130 
 - private static final 'servicesCache' 'Ljava/util/Map;' @116 
 - private static final 'MAX_UNICODE_IN_UTF8_LENGTH' 'I' @120 
 - private static final 'MAX_UTF8_PROPERTY_STRING_LENGTH' 'I' @124 
 - ---- non-static fields (0 words):
 - non-static oop maps: 
stack at sp + 4 slots: 0x00007ff666418500 is pointing into the stack for thread: 0x00007ff6800d2d60
stack at sp + 5 slots: 0x00007ff686d2e2fe: <offset 0x000000000093e2fe> in /nix/store/gpxl5qgg8kicmcvivwmybwjlpf7wh20l-graalvm17-ce-22.3.0/lib/server/libjvm.so at 0x00007ff6863f0000
stack at sp + 6 slots: 0x00007ff6664183e0 is pointing into the stack for thread: 0x00007ff6800d2d60
stack at sp + 7 slots: 0x00007ff666418440 is pointing into the stack for thread: 0x00007ff6800d2d60


---------------  P R O C E S S  ---------------

Threads class SMR info:
_java_thread_list=0x00007ff6000d1610, length=24, elements={
0x00007ff680025f80, 0x00007ff6800c7040, 0x00007ff6800c8480, 0x00007ff6800cebd0,
0x00007ff6800cff80, 0x00007ff6800d1370, 0x00007ff6800d2d60, 0x00007ff6800d4270,
0x00007ff6800d56c0, 0x00007ff6800f8560, 0x00007ff680141010, 0x00007ff6802edb60,
0x00007ff680335ea0, 0x00007ff680338b30, 0x00007ff61402f7d0, 0x00007ff6143fcf40,
0x00007ff6080010d0, 0x00007ff614621fb0, 0x00007ff6147c3700, 0x00007ff68038c020,
0x00007ff6804219d0, 0x00007ff60801eed0, 0x00007ff5f00306d0, 0x00007ff5dc0e2d90
}

Java Threads: ( => current thread )
  0x00007ff680025f80 JavaThread "main" [_thread_blocked, id=5428, stack(0x00007ff68620b000,0x00007ff68630b000)]
  0x00007ff6800c7040 JavaThread "Reference Handler" daemon [_thread_blocked, id=5433, stack(0x00007ff666b00000,0x00007ff666c00000)]
  0x00007ff6800c8480 JavaThread "Finalizer" daemon [_thread_blocked, id=5434, stack(0x00007ff666a00000,0x00007ff666b00000)]
  0x00007ff6800cebd0 JavaThread "Signal Dispatcher" daemon [_thread_blocked, id=5436, stack(0x00007ff66661a000,0x00007ff66671a000)]
  0x00007ff6800cff80 JavaThread "Service Thread" daemon [_thread_blocked, id=5438, stack(0x00007ff66651a000,0x00007ff66661a000)]
  0x00007ff6800d1370 JavaThread "Monitor Deflation Thread" daemon [_thread_blocked, id=5439, stack(0x00007ff66641a000,0x00007ff66651a000)]
=>0x00007ff6800d2d60 JavaThread "JVMCI-native CompilerThread0" daemon [_thread_in_vm, id=5440, stack(0x00007ff66621a000,0x00007ff66641a000)]
  0x00007ff6800d4270 JavaThread "C1 CompilerThread0" daemon [_thread_blocked, id=5441, stack(0x00007ff66601a000,0x00007ff66621a000)]
  0x00007ff6800d56c0 JavaThread "Sweeper thread" daemon [_thread_blocked, id=5442, stack(0x00007ff665f1a000,0x00007ff66601a000)]
  0x00007ff6800f8560 JavaThread "Common-Cleaner" daemon [_thread_blocked, id=5443, stack(0x00007ff665e1a000,0x00007ff665f1a000)]
  0x00007ff680141010 JavaThread "Notification Thread" daemon [_thread_blocked, id=5444, stack(0x00007ff665d1a000,0x00007ff665e1a000)]
  0x00007ff6802edb60 JavaThread "Active Thread: Equinox Container: 8bfd2ad0-167f-4edc-b70f-8dfb78f58e3d" [_thread_blocked, id=5448, stack(0x00007ff664900000,0x00007ff664a00000)]
  0x00007ff680335ea0 JavaThread "Framework Event Dispatcher: Equinox Container: 8bfd2ad0-167f-4edc-b70f-8dfb78f58e3d" daemon [_thread_blocked, id=5449, stack(0x00007ff664700000,0x00007ff664800000)]
  0x00007ff680338b30 JavaThread "Start Level: Equinox Container: 8bfd2ad0-167f-4edc-b70f-8dfb78f58e3d" daemon [_thread_blocked, id=5450, stack(0x00007ff664500000,0x00007ff664600000)]
  0x00007ff61402f7d0 JavaThread "SCR Component Actor" daemon [_thread_blocked, id=5452, stack(0x00007ff664300000,0x00007ff664400000)]
  0x00007ff6143fcf40 JavaThread "Worker-JM" [_thread_blocked, id=5454, stack(0x00007ff62db00000,0x00007ff62dc00000)]
  0x00007ff6080010d0 JavaThread "Worker-1: Java indexing... " [_thread_blocked, id=5456, stack(0x00007ff62d700000,0x00007ff62d800000)]
  0x00007ff614621fb0 JavaThread "Java indexing" daemon [_thread_blocked, id=5461, stack(0x00007ff62d300000,0x00007ff62d400000)]
  0x00007ff6147c3700 JavaThread "Bundle File Closer" daemon [_thread_blocked, id=5463, stack(0x00007ff664400000,0x00007ff664500000)]
  0x00007ff68038c020 JavaThread "pool-3-thread-1" [_thread_blocked, id=5464, stack(0x00007ff62d100000,0x00007ff62d200000)]
  0x00007ff6804219d0 JavaThread "pool-2-thread-1" [_thread_in_native, id=5465, stack(0x00007ff62cf00000,0x00007ff62d000000)]
  0x00007ff60801eed0 JavaThread "Worker-3: Periodic workspace save." [_thread_blocked, id=5469, stack(0x00007ff62cd00000,0x00007ff62ce00000)]
  0x00007ff5f00306d0 JavaThread "Thread-3" [_thread_blocked, id=5488, stack(0x00007ff664200000,0x00007ff664300000)]
  0x00007ff5dc0e2d90 JavaThread "Worker-4: Compacting resource model" [_thread_blocked, id=5493, stack(0x00007ff62c600000,0x00007ff62c700000)]

Other Threads:
  0x00007ff6800c2780 VMThread "VM Thread" [stack: 0x00007ff684021000,0x00007ff684121000] [id=5430] _threads_hazard_ptr=0x00007ff6000d1610
  0x00007ff6801429b0 WatcherThread [stack: 0x00007ff665c1a000,0x00007ff665d1a000] [id=5445]
  0x00007ff68003d880 GCTaskThread "GC Thread#0" [stack: 0x00007ff685dce000,0x00007ff685ece000] [id=5429]
  0x00007ff658001270 GCTaskThread "GC Thread#1" [stack: 0x00007ff62af00000,0x00007ff62b000000] [id=5451]

Threads with active compile tasks:
JVMCI-native CompilerThread0   352777 7720       4       java.util.concurrent.locks.AbstractQueuedSynchronizer::release (19 bytes)
C1 CompilerThread0   352777 7722       3       org.eclipse.jdt.internal.core.util.Messages::bind (6 bytes)

VM state: synchronizing (normal execution)

VM Mutex/Monitor currently owned by a thread:  ([mutex/lock_event])
[0x00007ff680023130] Threads_lock - owner thread: 0x00007ff6800c2780
[0x00007ff6800238e0] Heap_lock - owner thread: 0x00007ff6080010d0

OutOfMemory and StackOverflow Exception counts:
OutOfMemoryError java_heap_errors=2
LinkageErrors=64

Heap address: 0x00000000e0000000, size: 512 MB, Compressed Oops mode: 32-bit

CDS archive(s) mapped at: [0x0000000800000000-0x0000000800bc8000-0x0000000800bc8000), size 12353536, SharedBaseAddress: 0x0000000800000000, ArchiveRelocationMode: 0.
Compressed class space mapped at: 0x0000000800c00000-0x0000000840c00000, reserved size: 1073741824
Narrow klass base: 0x0000000800000000, Narrow klass shift: 0, Narrow klass range: 0x100000000

GC Precious Log:
 CPUs: 16 total, 2 available
 Memory: 3215M
 Large Page Support: Disabled
 NUMA Support: Disabled
 Compressed Oops: Enabled (32-bit)
 Alignments: Space 512K, Generation 512K, Heap 2M
 Heap Min Capacity: 100M
 Heap Initial Capacity: 100M
 Heap Max Capacity: 512M
 Pre-touch: Disabled
 Parallel Workers: 2

Heap:
 PSYoungGen      total 33280K, used 20991K [0x00000000f5580000, 0x00000000fa000000, 0x0000000100000000)
  eden space 20992K, 99% used [0x00000000f5580000,0x00000000f69ffff8,0x00000000f6a00000)
  from space 12288K, 0% used [0x00000000f8480000,0x00000000f8480000,0x00000000f9080000)
  to   space 27136K, 0% used [0x00000000f6a00000,0x00000000f6a00000,0x00000000f8480000)
 ParOldGen       total 349696K, used 349692K [0x00000000e0000000, 0x00000000f5580000, 0x00000000f5580000)
  object space 349696K, 99% used [0x00000000e0000000,0x00000000f557f328,0x00000000f5580000)
 Metaspace       used 53806K, committed 54976K, reserved 1105920K
  class space    used 5320K, committed 5760K, reserved 1048576K

Card table byte_map: [0x00007ff685ece000,0x00007ff685fcf000] _byte_map_base: 0x00007ff6857ce000

Marking Bits: (ParMarkBitMap*) 0x00007ff68761e4c0
 Begin Bits: [0x00007ff684d21000, 0x00007ff685521000)
 End Bits:   [0x00007ff685521000, 0x00007ff685d21000)

Polling page: 0x00007ff6861e8000

Metaspace:

Usage:
  Non-class:     47.35 MB used.
      Class:      5.20 MB used.
       Both:     52.55 MB used.

Virtual space:
  Non-class space:       56.00 MB reserved,      48.06 MB ( 86%) committed,  7 nodes.
      Class space:        1.00 GB reserved,       5.62 MB ( <1%) committed,  1 nodes.
             Both:        1.05 GB reserved,      53.69 MB (  5%) committed. 

Chunk freelists:
   Non-Class:  3.60 MB
       Class:  2.42 MB
        Both:  6.02 MB

MaxMetaspaceSize: unlimited
CompressedClassSpaceSize: 1.00 GB
Initial GC threshold: 21.00 MB
Current GC threshold: 89.31 MB
CDS: on
MetaspaceReclaimPolicy: balanced
 - commit_granule_bytes: 65536.
 - commit_granule_words: 8192.
 - virtual_space_node_default_size: 1048576.
 - enlarge_chunks_in_place: 1.
 - new_chunks_are_fully_committed: 0.
 - uncommit_free_chunks: 1.
 - use_allocation_guard: 0.
 - handle_deallocations: 1.


Internal statistics:

num_allocs_failed_limit: 6.
num_arena_births: 466.
num_arena_deaths: 146.
num_vsnodes_births: 8.
num_vsnodes_deaths: 0.
num_space_committed: 858.
num_space_uncommitted: 0.
num_chunks_returned_to_freelist: 203.
num_chunks_taken_from_freelist: 2730.
num_chunk_merges: 84.
num_chunk_splits: 1787.
num_chunks_enlarged: 1117.
num_purges: 10.
num_inconsistent_stats: 0.

CodeHeap 'non-profiled nmethods': size=120036Kb used=2640Kb max_used=2640Kb free=117396Kb
 bounds [0x00007ff66ef7a000, 0x00007ff66f21a000, 0x00007ff6764b3000]
CodeHeap 'profiled nmethods': size=120032Kb used=11971Kb max_used=14332Kb free=108060Kb
 bounds [0x00007ff667a42000, 0x00007ff668872000, 0x00007ff66ef7a000]
CodeHeap 'non-nmethods': size=5692Kb used=1342Kb max_used=1362Kb free=4349Kb
 bounds [0x00007ff6674b3000, 0x00007ff667723000, 0x00007ff667a42000]
 total_blobs=6605 nmethods=5931 adapters=586
 compilation: enabled
              stopped_count=0, restarted_count=0
 full_count=0

JVMCI Events (20 events):
Event: 274.920 Thread 0x00007ff6800d2d60 destroyed JavaVM[3]@0x00007ff62c09e340 for JVMCI runtime 0
Event: 274.920 Thread 0x00007ff6800d2d60 compacted oop handles in JVMCI runtime 0 from 44 to 44
Event: 274.920 Thread 0x00007ff6800d2d60 releasing handles for JVMCI runtime 0: oop handles=44, metadata handles={total=88, live=77, blocks=32}
Event: 274.920 Thread 0x00007ff6800d2d60 detached from JVMCI runtime 0
Event: 295.884 Thread 0x00007ff6800d2d60 attached to JVMCI runtime 0
Event: 295.887 Thread 0x00007ff6800d2d60 created JavaVM[4]@0x00007ff62c09e340 for JVMCI runtime 0
Event: 296.649 Thread 0x00007ff6800d2d60 initializing JVMCI runtime 0
Event: 296.649 Thread 0x00007ff6800d2d60 done waiting for JavaVM references initialization in JVMCI runtime 0
Event: 306.415 Thread 0x00007ff6800d2d60 initialized JVMCI runtime 0
Event: 311.912 Thread 0x00007ff6800d2d60 detaching from JVMCI runtime 0: releasing idle compiler thread (0 other threads still attached)
Event: 311.912 Thread 0x00007ff6800d2d60 shutting down HotSpotJVMCIRuntime for JVMCI runtime 0
Event: 311.912 Thread 0x00007ff6800d2d60 shut down JVMCI runtime 0
Event: 312.549 Thread 0x00007ff6800d2d60 destroyed JavaVM[4]@0x00007ff62c09e340 for JVMCI runtime 0
Event: 312.549 Thread 0x00007ff6800d2d60 compacted oop handles in JVMCI runtime 0 from 50 to 50
Event: 312.549 Thread 0x00007ff6800d2d60 releasing handles for JVMCI runtime 0: oop handles=50, metadata handles={total=96, live=83, blocks=32}
Event: 312.549 Thread 0x00007ff6800d2d60 detached from JVMCI runtime 0
Event: 333.022 Thread 0x00007ff6800d2d60 attached to JVMCI runtime 0
Event: 333.026 Thread 0x00007ff6800d2d60 created JavaVM[5]@0x00007ff62c09e340 for JVMCI runtime 0
Event: 333.798 Thread 0x00007ff6800d2d60 initializing JVMCI runtime 0
Event: 333.798 Thread 0x00007ff6800d2d60 done waiting for JavaVM references initialization in JVMCI runtime 0

Compilation events (20 events):
Event: 198.590 Thread 0x00007ff6800d4270 7712       3       java.text.Format::<init> (5 bytes)
Event: 198.590 Thread 0x00007ff6800d4270 nmethod 7712 0x00007ff667cd5790 code [0x00007ff667cd5940, 0x00007ff667cd5a90]
Event: 264.155 Thread 0x00007ff6800d2d60 7713       4       org.eclipse.core.runtime.ProgressMonitorWrapper::isCanceled (10 bytes)
Event: 270.978 Thread 0x00007ff6800d4270 7714       3       java.text.MessageFormat::<init> (56 bytes)
Event: 271.788 Thread 0x00007ff6800d4270 nmethod 7714 0x00007ff667f88e90 code [0x00007ff667f89060, 0x00007ff667f89510]
Event: 273.517 Thread 0x00007ff6800d2d60 nmethod 7713 0x00007ff66f20d990 code [0x00007ff66f20db00, 0x00007ff66f20db70]
Event: 295.103 Thread 0x00007ff6800d4270 7715       3       java.text.FieldPosition::<init> (25 bytes)
Event: 295.884 Thread 0x00007ff6800d4270 nmethod 7715 0x00007ff667f43f10 code [0x00007ff667f440c0, 0x00007ff667f44230]
Event: 295.884 Thread 0x00007ff6800d2d60 7717       4       java.util.concurrent.locks.AbstractQueuedSynchronizer$ConditionObject::signal (34 bytes)
Event: 295.884 Thread 0x00007ff6800d4270 7716       3       java.text.MessageFormat::format (15 bytes)
Event: 295.885 Thread 0x00007ff6800d4270 nmethod 7716 0x00007ff667b27590 code [0x00007ff667b27740, 0x00007ff667b27910]
Event: 299.913 Thread 0x00007ff6800d4270 7719       3       java.text.MessageFormat::subformat (542 bytes)
Event: 309.291 Thread 0x00007ff6800d4270 nmethod 7719 0x00007ff66869a790 code [0x00007ff66869ade0, 0x00007ff6686a0c40]
Event: 309.291 Thread 0x00007ff6800d4270 7718       3       java.text.MessageFormat::format (12 bytes)
Event: 309.291 Thread 0x00007ff6800d4270 nmethod 7718 0x00007ff667bcb890 code [0x00007ff667bcba40, 0x00007ff667bcbde0]
Event: 310.580 Thread 0x00007ff6800d2d60 nmethod 7717 0x00007ff66f20dc90 code [0x00007ff66f20de00, 0x00007ff66f20dee8]
Event: 333.022 Thread 0x00007ff6800d2d60 7720       4       java.util.concurrent.locks.AbstractQueuedSynchronizer::release (19 bytes)
Event: 343.509 Thread 0x00007ff6800d4270 7721       3       org.eclipse.core.internal.jobs.DeadlockDetector::lockAcquired (213 bytes)
Event: 343.511 Thread 0x00007ff6800d4270 nmethod 7721 0x00007ff667b0c410 code [0x00007ff667b0c780, 0x00007ff667b0faf0]
Event: 352.682 Thread 0x00007ff6800d4270 7722       3       org.eclipse.jdt.internal.core.util.Messages::bind (6 bytes)

GC Heap History (20 events):
Event: 346.100 GC heap before
{Heap before GC invocations=514 (full 429):
 PSYoungGen      total 33280K, used 20992K [0x00000000f5580000, 0x00000000fa000000, 0x0000000100000000)
  eden space 20992K, 100% used [0x00000000f5580000,0x00000000f6a00000,0x00000000f6a00000)
  from space 12288K, 0% used [0x00000000f8480000,0x00000000f8480000,0x00000000f9080000)
  to   space 27136K, 0% used [0x00000000f6a00000,0x00000000f6a00000,0x00000000f8480000)
 ParOldGen       total 349696K, used 349695K [0x00000000e0000000, 0x00000000f5580000, 0x00000000f5580000)
  object space 349696K, 99% used [0x00000000e0000000,0x00000000f557ffe8,0x00000000f5580000)
 Metaspace       used 53806K, committed 54976K, reserved 1105920K
  class space    used 5320K, committed 5760K, reserved 1048576K
}
Event: 346.850 GC heap after
{Heap after GC invocations=514 (full 429):
 PSYoungGen      total 48128K, used 20990K [0x00000000f5580000, 0x00000000fa000000, 0x0000000100000000)
  eden space 20992K, 99% used [0x00000000f5580000,0x00000000f69ffbe8,0x00000000f6a00000)
  from space 27136K, 0% used [0x00000000f6a00000,0x00000000f6a00000,0x00000000f8480000)
  to   space 12288K, 0% used [0x00000000f8480000,0x00000000f8480000,0x00000000f9080000)
 ParOldGen       total 349696K, used 349694K [0x00000000e0000000, 0x00000000f5580000, 0x00000000f5580000)
  object space 349696K, 99% used [0x00000000e0000000,0x00000000f557fab8,0x00000000f5580000)
 Metaspace       used 53806K, committed 54976K, reserved 1105920K
  class space    used 5320K, committed 5760K, reserved 1048576K
}
Event: 346.851 GC heap before
{Heap before GC invocations=515 (full 430):
 PSYoungGen      total 48128K, used 20991K [0x00000000f5580000, 0x00000000fa000000, 0x0000000100000000)
  eden space 20992K, 99% used [0x00000000f5580000,0x00000000f69ffff0,0x00000000f6a00000)
  from space 27136K, 0% used [0x00000000f6a00000,0x00000000f6a00000,0x00000000f8480000)
  to   space 12288K, 0% used [0x00000000f8480000,0x00000000f8480000,0x00000000f9080000)
 ParOldGen       total 349696K, used 349694K [0x00000000e0000000, 0x00000000f5580000, 0x00000000f5580000)
  object space 349696K, 99% used [0x00000000e0000000,0x00000000f557fab8,0x00000000f5580000)
 Metaspace       used 53806K, committed 54976K, reserved 1105920K
  class space    used 5320K, committed 5760K, reserved 1048576K
}
Event: 347.464 GC heap after
{Heap after GC invocations=515 (full 430):
 PSYoungGen      total 33280K, used 20991K [0x00000000f5580000, 0x00000000fa000000, 0x0000000100000000)
  eden space 20992K, 99% used [0x00000000f5580000,0x00000000f69ffe98,0x00000000f6a00000)
  from space 12288K, 0% used [0x00000000f8480000,0x00000000f8480000,0x00000000f9080000)
  to   space 27136K, 0% used [0x00000000f6a00000,0x00000000f6a00000,0x00000000f8480000)
 ParOldGen       total 349696K, used 349694K [0x00000000e0000000, 0x00000000f5580000, 0x00000000f5580000)
  object space 349696K, 99% used [0x00000000e0000000,0x00000000f557fab8,0x00000000f5580000)
 Metaspace       used 53806K, committed 54976K, reserved 1105920K
  class space    used 5320K, committed 5760K, reserved 1048576K
}
Event: 347.465 GC heap before
{Heap before GC invocations=516 (full 431):
 PSYoungGen      total 33280K, used 20992K [0x00000000f5580000, 0x00000000fa000000, 0x0000000100000000)
  eden space 20992K, 100% used [0x00000000f5580000,0x00000000f6a00000,0x00000000f6a00000)
  from space 12288K, 0% used [0x00000000f8480000,0x00000000f8480000,0x00000000f9080000)
  to   space 27136K, 0% used [0x00000000f6a00000,0x00000000f6a00000,0x00000000f8480000)
 ParOldGen       total 349696K, used 349694K [0x00000000e0000000, 0x00000000f5580000, 0x00000000f5580000)
  object space 349696K, 99% used [0x00000000e0000000,0x00000000f557fab8,0x00000000f5580000)
 Metaspace       used 53806K, committed 54976K, reserved 1105920K
  class space    used 5320K, committed 5760K, reserved 1048576K
}
Event: 348.072 GC heap after
{Heap after GC invocations=516 (full 431):
 PSYoungGen      total 48128K, used 20991K [0x00000000f5580000, 0x00000000fa000000, 0x0000000100000000)
  eden space 20992K, 99% used [0x00000000f5580000,0x00000000f69ffe28,0x00000000f6a00000)
  from space 27136K, 0% used [0x00000000f6a00000,0x00000000f6a00000,0x00000000f8480000)
  to   space 12288K, 0% used [0x00000000f8480000,0x00000000f8480000,0x00000000f9080000)
 ParOldGen       total 349696K, used 349694K [0x00000000e0000000, 0x00000000f5580000, 0x00000000f5580000)
  object space 349696K, 99% used [0x00000000e0000000,0x00000000f557f960,0x00000000f5580000)
 Metaspace       used 53806K, committed 54976K, reserved 1105920K
  class space    used 5320K, committed 5760K, reserved 1048576K
}
Event: 348.072 GC heap before
{Heap before GC invocations=517 (full 432):
 PSYoungGen      total 48128K, used 20991K [0x00000000f5580000, 0x00000000fa000000, 0x0000000100000000)
  eden space 20992K, 99% used [0x00000000f5580000,0x00000000f69ffff8,0x00000000f6a00000)
  from space 27136K, 0% used [0x00000000f6a00000,0x00000000f6a00000,0x00000000f8480000)
  to   space 12288K, 0% used [0x00000000f8480000,0x00000000f8480000,0x00000000f9080000)
 ParOldGen       total 349696K, used 349694K [0x00000000e0000000, 0x00000000f5580000, 0x00000000f5580000)
  object space 349696K, 99% used [0x00000000e0000000,0x00000000f557f960,0x00000000f5580000)
 Metaspace       used 53806K, committed 54976K, reserved 1105920K
  class space    used 5320K, committed 5760K, reserved 1048576K
}
Event: 348.792 GC heap after
{Heap after GC invocations=517 (full 432):
 PSYoungGen      total 33280K, used 20991K [0x00000000f5580000, 0x00000000fa000000, 0x0000000100000000)
  eden space 20992K, 99% used [0x00000000f5580000,0x00000000f69fff78,0x00000000f6a00000)
  from space 12288K, 0% used [0x00000000f8480000,0x00000000f8480000,0x00000000f9080000)
  to   space 27136K, 0% used [0x00000000f6a00000,0x00000000f6a00000,0x00000000f8480000)
 ParOldGen       total 349696K, used 349694K [0x00000000e0000000, 0x00000000f5580000, 0x00000000f5580000)
  object space 349696K, 99% used [0x00000000e0000000,0x00000000f557f960,0x00000000f5580000)
 Metaspace       used 53806K, committed 54976K, reserved 1105920K
  class space    used 5320K, committed 5760K, reserved 1048576K
}
Event: 348.793 GC heap before
{Heap before GC invocations=518 (full 433):
 PSYoungGen      total 33280K, used 20991K [0x00000000f5580000, 0x00000000fa000000, 0x0000000100000000)
  eden space 20992K, 99% used [0x00000000f5580000,0x00000000f69ffff8,0x00000000f6a00000)
  from space 12288K, 0% used [0x00000000f8480000,0x00000000f8480000,0x00000000f9080000)
  to   space 27136K, 0% used [0x00000000f6a00000,0x00000000f6a00000,0x00000000f8480000)
 ParOldGen       total 349696K, used 349694K [0x00000000e0000000, 0x00000000f5580000, 0x00000000f5580000)
  object space 349696K, 99% used [0x00000000e0000000,0x00000000f557f960,0x00000000f5580000)
 Metaspace       used 53806K, committed 54976K, reserved 1105920K
  class space    used 5320K, committed 5760K, reserved 1048576K
}
Event: 349.408 GC heap after
{Heap after GC invocations=518 (full 433):
 PSYoungGen      total 48128K, used 20991K [0x00000000f5580000, 0x00000000fa000000, 0x0000000100000000)
  eden space 20992K, 99% used [0x00000000f5580000,0x00000000f69fffb8,0x00000000f6a00000)
  from space 27136K, 0% used [0x00000000f6a00000,0x00000000f6a00000,0x00000000f8480000)
  to   space 12288K, 0% used [0x00000000f8480000,0x00000000f8480000,0x00000000f9080000)
 ParOldGen       total 349696K, used 349694K [0x00000000e0000000, 0x00000000f5580000, 0x00000000f5580000)
  object space 349696K, 99% used [0x00000000e0000000,0x00000000f557f960,0x00000000f5580000)
 Metaspace       used 53806K, committed 54976K, reserved 1105920K
  class space    used 5320K, committed 5760K, reserved 1048576K
}
Event: 349.409 GC heap before
{Heap before GC invocations=519 (full 434):
 PSYoungGen      total 48128K, used 20992K [0x00000000f5580000, 0x00000000fa000000, 0x0000000100000000)
  eden space 20992K, 100% used [0x00000000f5580000,0x00000000f6a00000,0x00000000f6a00000)
  from space 27136K, 0% used [0x00000000f6a00000,0x00000000f6a00000,0x00000000f8480000)
  to   space 12288K, 0% used [0x00000000f8480000,0x00000000f8480000,0x00000000f9080000)
 ParOldGen       total 349696K, used 349694K [0x00000000e0000000, 0x00000000f5580000, 0x00000000f5580000)
  object space 349696K, 99% used [0x00000000e0000000,0x00000000f557f960,0x00000000f5580000)
 Metaspace       used 53806K, committed 54976K, reserved 1105920K
  class space    used 5320K, committed 5760K, reserved 1048576K
}
Event: 350.085 GC heap after
{Heap after GC invocations=519 (full 434):
 PSYoungGen      total 33280K, used 20991K [0x00000000f5580000, 0x00000000fa000000, 0x0000000100000000)
  eden space 20992K, 99% used [0x00000000f5580000,0x00000000f69fffe0,0x00000000f6a00000)
  from space 12288K, 0% used [0x00000000f8480000,0x00000000f8480000,0x00000000f9080000)
  to   space 27136K, 0% used [0x00000000f6a00000,0x00000000f6a00000,0x00000000f8480000)
 ParOldGen       total 349696K, used 349694K [0x00000000e0000000, 0x00000000f5580000, 0x00000000f5580000)
  object space 349696K, 99% used [0x00000000e0000000,0x00000000f557f960,0x00000000f5580000)
 Metaspace       used 53806K, committed 54976K, reserved 1105920K
  class space    used 5320K, committed 5760K, reserved 1048576K
}
Event: 350.086 GC heap before
{Heap before GC invocations=520 (full 435):
 PSYoungGen      total 33280K, used 20992K [0x00000000f5580000, 0x00000000fa000000, 0x0000000100000000)
  eden space 20992K, 100% used [0x00000000f5580000,0x00000000f6a00000,0x00000000f6a00000)
  from space 12288K, 0% used [0x00000000f8480000,0x00000000f8480000,0x00000000f9080000)
  to   space 27136K, 0% used [0x00000000f6a00000,0x00000000f6a00000,0x00000000f8480000)
 ParOldGen       total 349696K, used 349695K [0x00000000e0000000, 0x00000000f5580000, 0x00000000f5580000)
  object space 349696K, 99% used [0x00000000e0000000,0x00000000f557ffa0,0x00000000f5580000)
 Metaspace       used 53806K, committed 54976K, reserved 1105920K
  class space    used 5320K, committed 5760K, reserved 1048576K
}
Event: 350.768 GC heap after
{Heap after GC invocations=520 (full 435):
 PSYoungGen      total 48128K, used 20991K [0x00000000f5580000, 0x00000000fa000000, 0x0000000100000000)
  eden space 20992K, 99% used [0x00000000f5580000,0x00000000f69ffd48,0x00000000f6a00000)
  from space 27136K, 0% used [0x00000000f6a00000,0x00000000f6a00000,0x00000000f8480000)
  to   space 12288K, 0% used [0x00000000f8480000,0x00000000f8480000,0x00000000f9080000)
 ParOldGen       total 349696K, used 349694K [0x00000000e0000000, 0x00000000f5580000, 0x00000000f5580000)
  object space 349696K, 99% used [0x00000000e0000000,0x00000000f557fbb0,0x00000000f5580000)
 Metaspace       used 53806K, committed 54976K, reserved 1105920K
  class space    used 5320K, committed 5760K, reserved 1048576K
}
Event: 350.768 GC heap before
{Heap before GC invocations=521 (full 436):
 PSYoungGen      total 48128K, used 20991K [0x00000000f5580000, 0x00000000fa000000, 0x0000000100000000)
  eden space 20992K, 99% used [0x00000000f5580000,0x00000000f69ffff0,0x00000000f6a00000)
  from space 27136K, 0% used [0x00000000f6a00000,0x00000000f6a00000,0x00000000f8480000)
  to   space 12288K, 0% used [0x00000000f8480000,0x00000000f8480000,0x00000000f9080000)
 ParOldGen       total 349696K, used 349695K [0x00000000e0000000, 0x00000000f5580000, 0x00000000f5580000)
  object space 349696K, 99% used [0x00000000e0000000,0x00000000f557ff30,0x00000000f5580000)
 Metaspace       used 53806K, committed 54976K, reserved 1105920K
  class space    used 5320K, committed 5760K, reserved 1048576K
}
Event: 351.418 GC heap after
{Heap after GC invocations=521 (full 436):
 PSYoungGen      total 33280K, used 20991K [0x00000000f5580000, 0x00000000fa000000, 0x0000000100000000)
  eden space 20992K, 99% used [0x00000000f5580000,0x00000000f69ffe68,0x00000000f6a00000)
  from space 12288K, 0% used [0x00000000f8480000,0x00000000f8480000,0x00000000f9080000)
  to   space 27136K, 0% used [0x00000000f6a00000,0x00000000f6a00000,0x00000000f8480000)
 ParOldGen       total 349696K, used 349695K [0x00000000e0000000, 0x00000000f5580000, 0x00000000f5580000)
  object space 349696K, 99% used [0x00000000e0000000,0x00000000f557fef8,0x00000000f5580000)
 Metaspace       used 53806K, committed 54976K, reserved 1105920K
  class space    used 5320K, committed 5760K, reserved 1048576K
}
Event: 351.418 GC heap before
{Heap before GC invocations=522 (full 437):
 PSYoungGen      total 33280K, used 20991K [0x00000000f5580000, 0x00000000fa000000, 0x0000000100000000)
  eden space 20992K, 99% used [0x00000000f5580000,0x00000000f69ffe68,0x00000000f6a00000)
  from space 12288K, 0% used [0x00000000f8480000,0x00000000f8480000,0x00000000f9080000)
  to   space 27136K, 0% used [0x00000000f6a00000,0x00000000f6a00000,0x00000000f8480000)
 ParOldGen       total 349696K, used 349695K [0x00000000e0000000, 0x00000000f5580000, 0x00000000f5580000)
  object space 349696K, 99% used [0x00000000e0000000,0x00000000f557fef8,0x00000000f5580000)
 Metaspace       used 53806K, committed 54976K, reserved 1105920K
  class space    used 5320K, committed 5760K, reserved 1048576K
}
Event: 352.072 GC heap after
{Heap after GC invocations=522 (full 437):
 PSYoungGen      total 48128K, used 20991K [0x00000000f5580000, 0x00000000fa000000, 0x0000000100000000)
  eden space 20992K, 99% used [0x00000000f5580000,0x00000000f69ffe68,0x00000000f6a00000)
  from space 27136K, 0% used [0x00000000f6a00000,0x00000000f6a00000,0x00000000f8480000)
  to   space 12288K, 0% used [0x00000000f8480000,0x00000000f8480000,0x00000000f9080000)
 ParOldGen       total 349696K, used 349695K [0x00000000e0000000, 0x00000000f5580000, 0x00000000f5580000)
  object space 349696K, 99% used [0x00000000e0000000,0x00000000f557fef8,0x00000000f5580000)
 Metaspace       used 53806K, committed 54976K, reserved 1105920K
  class space    used 5320K, committed 5760K, reserved 1048576K
}
Event: 352.072 GC heap before
{Heap before GC invocations=523 (full 438):
 PSYoungGen      total 48128K, used 20991K [0x00000000f5580000, 0x00000000fa000000, 0x0000000100000000)
  eden space 20992K, 99% used [0x00000000f5580000,0x00000000f69ffff8,0x00000000f6a00000)
  from space 27136K, 0% used [0x00000000f6a00000,0x00000000f6a00000,0x00000000f8480000)
  to   space 12288K, 0% used [0x00000000f8480000,0x00000000f8480000,0x00000000f9080000)
 ParOldGen       total 349696K, used 349695K [0x00000000e0000000, 0x00000000f5580000, 0x00000000f5580000)
  object space 349696K, 99% used [0x00000000e0000000,0x00000000f557ffa8,0x00000000f5580000)
 Metaspace       used 53806K, committed 54976K, reserved 1105920K
  class space    used 5320K, committed 5760K, reserved 1048576K
}
Event: 352.682 GC heap after
{Heap after GC invocations=523 (full 438):
 PSYoungGen      total 33280K, used 20991K [0x00000000f5580000, 0x00000000fa000000, 0x0000000100000000)
  eden space 20992K, 99% used [0x00000000f5580000,0x00000000f69fff60,0x00000000f6a00000)
  from space 12288K, 0% used [0x00000000f8480000,0x00000000f8480000,0x00000000f9080000)
  to   space 27136K, 0% used [0x00000000f6a00000,0x00000000f6a00000,0x00000000f8480000)
 ParOldGen       total 349696K, used 349692K [0x00000000e0000000, 0x00000000f5580000, 0x00000000f5580000)
  object space 349696K, 99% used [0x00000000e0000000,0x00000000f557f010,0x00000000f5580000)
 Metaspace       used 53806K, committed 54976K, reserved 1105920K
  class space    used 5320K, committed 5760K, reserved 1048576K
}

Dll operation events (8 events):
Event: 0.005 Loaded shared library /nix/store/gpxl5qgg8kicmcvivwmybwjlpf7wh20l-graalvm17-ce-22.3.0/lib/libjava.so
Event: 0.061 Loaded shared library /nix/store/gpxl5qgg8kicmcvivwmybwjlpf7wh20l-graalvm17-ce-22.3.0/lib/libjsvml.so
Event: 0.192 Loaded shared library /nix/store/gpxl5qgg8kicmcvivwmybwjlpf7wh20l-graalvm17-ce-22.3.0/lib/libnio.so
Event: 0.201 Loaded shared library /nix/store/gpxl5qgg8kicmcvivwmybwjlpf7wh20l-graalvm17-ce-22.3.0/lib/libzip.so
Event: 0.233 Loaded shared library /nix/store/gpxl5qgg8kicmcvivwmybwjlpf7wh20l-graalvm17-ce-22.3.0/lib/libjvmcicompiler.so
Event: 0.451 Loaded shared library /nix/store/gpxl5qgg8kicmcvivwmybwjlpf7wh20l-graalvm17-ce-22.3.0/lib/libjimage.so
Event: 1.217 Loaded shared library /nix/store/gpxl5qgg8kicmcvivwmybwjlpf7wh20l-graalvm17-ce-22.3.0/lib/libnet.so
Event: 1.851 Loaded shared library /home/runner/.cache/jdt-language-server/config/org.eclipse.equinox.launcher/org.eclipse.equinox.launcher.gtk.linux.x86_64_1.2.400.v20211117-0650/eclipse_11600.so

Deoptimization events (20 events):
Event: 30.115 Thread 0x00007ff614621fb0 DEOPT PACKING pc=0x00007ff6686c6005 sp=0x00007ff62d3fe530
Event: 30.115 Thread 0x00007ff614621fb0 DEOPT UNPACKING pc=0x00007ff667505325 sp=0x00007ff62d3fda20 mode 0
Event: 30.118 Thread 0x00007ff614621fb0 DEOPT PACKING pc=0x00007ff667f5c09b sp=0x00007ff62d3fe490
Event: 30.118 Thread 0x00007ff614621fb0 DEOPT UNPACKING pc=0x00007ff667505325 sp=0x00007ff62d3fd948 mode 0
Event: 30.120 Thread 0x00007ff614621fb0 DEOPT PACKING pc=0x00007ff667f5c09b sp=0x00007ff62d3fe490
Event: 30.120 Thread 0x00007ff614621fb0 DEOPT UNPACKING pc=0x00007ff667505325 sp=0x00007ff62d3fd948 mode 0
Event: 30.127 Thread 0x00007ff614621fb0 DEOPT PACKING pc=0x00007ff6686c6005 sp=0x00007ff62d3fe530
Event: 30.127 Thread 0x00007ff614621fb0 DEOPT UNPACKING pc=0x00007ff667505325 sp=0x00007ff62d3fda20 mode 0
Event: 30.131 Thread 0x00007ff614621fb0 DEOPT PACKING pc=0x00007ff6686c6005 sp=0x00007ff62d3fe530
Event: 30.131 Thread 0x00007ff614621fb0 DEOPT UNPACKING pc=0x00007ff667505325 sp=0x00007ff62d3fda20 mode 0
Event: 30.134 Thread 0x00007ff614621fb0 DEOPT PACKING pc=0x00007ff6686c6005 sp=0x00007ff62d3fe530
Event: 30.134 Thread 0x00007ff614621fb0 DEOPT UNPACKING pc=0x00007ff667505325 sp=0x00007ff62d3fda20 mode 0
Event: 30.136 Thread 0x00007ff614621fb0 DEOPT PACKING pc=0x00007ff6686c6005 sp=0x00007ff62d3fe530
Event: 30.136 Thread 0x00007ff614621fb0 DEOPT UNPACKING pc=0x00007ff667505325 sp=0x00007ff62d3fda20 mode 0
Event: 30.151 Thread 0x00007ff614621fb0 DEOPT PACKING pc=0x00007ff6686c6005 sp=0x00007ff62d3fe530
Event: 30.151 Thread 0x00007ff614621fb0 DEOPT UNPACKING pc=0x00007ff667505325 sp=0x00007ff62d3fda20 mode 0
Event: 30.164 Thread 0x00007ff614621fb0 DEOPT PACKING pc=0x00007ff667f5c09b sp=0x00007ff62d3fe4b0
Event: 30.164 Thread 0x00007ff614621fb0 DEOPT UNPACKING pc=0x00007ff667505325 sp=0x00007ff62d3fd968 mode 0
Event: 344.804 Thread 0x00007ff60801eed0 DEOPT PACKING pc=0x00007ff66f0b83c0 sp=0x00007ff62cdfdb80
Event: 344.804 Thread 0x00007ff60801eed0 DEOPT UNPACKING pc=0x00007ff667505325 sp=0x00007ff62cdfcf58 mode 1

Classes unloaded (20 events):
Event: 154.914 Thread 0x00007ff6800c2780 Unloading class 0x0000000800cb2000 'java/lang/invoke/LambdaForm$MH+0x0000000800cb2000'
Event: 154.914 Thread 0x00007ff6800c2780 Unloading class 0x0000000800cb1c00 'java/lang/invoke/LambdaForm$MH+0x0000000800cb1c00'
Event: 154.914 Thread 0x00007ff6800c2780 Unloading class 0x0000000800cb1800 'java/lang/invoke/LambdaForm$MH+0x0000000800cb1800'
Event: 154.914 Thread 0x00007ff6800c2780 Unloading class 0x0000000800cb1000 'java/lang/invoke/LambdaForm$MH+0x0000000800cb1000'
Event: 154.914 Thread 0x00007ff6800c2780 Unloading class 0x0000000800cb0c00 'java/lang/invoke/LambdaForm$MH+0x0000000800cb0c00'
Event: 154.914 Thread 0x00007ff6800c2780 Unloading class 0x0000000800cb0800 'java/lang/invoke/LambdaForm$MH+0x0000000800cb0800'
Event: 154.914 Thread 0x00007ff6800c2780 Unloading class 0x0000000800cb0000 'java/lang/invoke/LambdaForm$MH+0x0000000800cb0000'
Event: 159.794 Thread 0x00007ff6800c2780 Unloading class 0x0000000800ff4400 'jdk/internal/reflect/GeneratedSerializationConstructorAccessor33'
Event: 159.794 Thread 0x00007ff6800c2780 Unloading class 0x0000000800ff4000 'jdk/internal/reflect/GeneratedSerializationConstructorAccessor32'
Event: 159.794 Thread 0x00007ff6800c2780 Unloading class 0x0000000800feb400 'jdk/internal/reflect/GeneratedSerializationConstructorAccessor31'
Event: 159.794 Thread 0x00007ff6800c2780 Unloading class 0x0000000800feb000 'jdk/internal/reflect/GeneratedSerializationConstructorAccessor30'
Event: 161.714 Thread 0x00007ff6800c2780 Unloading class 0x000000080118c400 'jdk/internal/reflect/GeneratedConstructorAccessor25'
Event: 161.714 Thread 0x00007ff6800c2780 Unloading class 0x000000080118c000 'jdk/internal/reflect/GeneratedConstructorAccessor24'
Event: 161.714 Thread 0x00007ff6800c2780 Unloading class 0x0000000801089400 'jdk/internal/reflect/GeneratedMethodAccessor12'
Event: 161.714 Thread 0x00007ff6800c2780 Unloading class 0x0000000801089000 'jdk/internal/reflect/GeneratedMethodAccessor11'
Event: 161.714 Thread 0x00007ff6800c2780 Unloading class 0x000000080107c400 'jdk/internal/reflect/GeneratedMethodAccessor10'
Event: 161.714 Thread 0x00007ff6800c2780 Unloading class 0x000000080107c000 'jdk/internal/reflect/GeneratedMethodAccessor9'
Event: 161.714 Thread 0x00007ff6800c2780 Unloading class 0x0000000800ff4800 'jdk/internal/reflect/GeneratedConstructorAccessor14'
Event: 161.714 Thread 0x00007ff6800c2780 Unloading class 0x0000000800e05c00 'jdk/internal/reflect/GeneratedMethodAccessor8'
Event: 161.714 Thread 0x00007ff6800c2780 Unloading class 0x0000000800e04c00 'jdk/internal/reflect/GeneratedMethodAccessor7'

Classes redefined (0 events):
No events

Internal exceptions (20 events):
Event: 10.853 Thread 0x00007ff6080010d0 Exception <a 'java/io/FileNotFoundException'{0x00000000f61e8c00}> (0x00000000f61e8c00) 
thrown [src/hotspot/share/prims/jni.cpp, line 516]
Event: 11.592 Thread 0x00007ff60801eed0 Implicit null exception at 0x00007ff66f0def22 to 0x00007ff66f0df2af
Event: 11.772 Thread 0x00007ff60801eed0 Implicit null exception at 0x00007ff66f0920f1 to 0x00007ff66f0922a3
Event: 12.979 Thread 0x00007ff5f01b0e40 Exception <a 'java/io/FileNotFoundException'{0x00000000f5f29878}> (0x00000000f5f29878) 
thrown [src/hotspot/share/prims/jni.cpp, line 516]
Event: 13.061 Thread 0x00007ff5f01afe40 Exception <a 'java/lang/NoSuchMethodError'{0x00000000f609da80}: 'void java.lang.invoke.DirectMethodHandle$Holder.invokeVirtual(java.lang.Object, java.lang.Object)'> (0x00000000f609da80) 
thrown [src/hotspot/share/interpreter/linkResolver.cpp, line 758]
Event: 13.061 Thread 0x00007ff5f01aeee0 Exception <a 'java/lang/NoSuchMethodError'{0x00000000f608e408}: 'void java.lang.invoke.DirectMethodHandle$Holder.invokeVirtual(java.lang.Object, java.lang.Object)'> (0x00000000f608e408) 
thrown [src/hotspot/share/interpreter/linkResolver.cpp, line 758]
Event: 13.061 Thread 0x00007ff5f01b0e40 Exception <a 'java/lang/NoSuchMethodError'{0x00000000f60a9bd8}: 'void java.lang.invoke.DirectMethodHandle$Holder.invokeVirtual(java.lang.Object, java.lang.Object)'> (0x00000000f60a9bd8) 
thrown [src/hotspot/share/interpreter/linkResolver.cpp, line 758]
Event: 13.177 Thread 0x00007ff5f002fb60 Exception <a 'java/lang/NoSuchMethodError'{0x00000000f64aa908}: 'java.lang.Object java.lang.invoke.DirectMethodHandle$Holder.newInvokeSpecial(java.lang.Object, java.lang.Object, int, java.lang.Object, java.lang.Object, java.lang.Object, java.lang.Object)'> (0x00000000f64aa908) 
thrown [src/hotspot/share/interpreter/linkResolver.cpp, line 758]
Event: 13.276 Thread 0x00007ff5f002fb60 Exception <a 'java/lang/NoSuchMethodError'{0x00000000f6a803b8}: 'void java.lang.invoke.DirectMethodHandle$Holder.invokeSpecial(java.lang.Object, java.lang.Object, int)'> (0x00000000f6a803b8) 
thrown [src/hotspot/share/interpreter/linkResolver.cpp, line 758]
Event: 13.577 Thread 0x00007ff5f002fb60 Exception <a 'java/lang/NoSuchMethodError'{0x00000000f6039310}: 'int java.lang.invoke.DirectMethodHandle$Holder.invokeSpecial(java.lang.Object, java.lang.Object, java.lang.Object)'> (0x00000000f6039310) 
thrown [src/hotspot/share/interpreter/linkResolver.cpp, line 758]
Event: 13.583 Thread 0x00007ff5f01aeee0 Exception <a 'java/lang/NoSuchMethodError'{0x00000000f632d390}: 'int java.lang.invoke.DirectMethodHandle$Holder.invokeStatic(java.lang.Object, int, int, java.lang.Object)'> (0x00000000f632d390) 
thrown [src/hotspot/share/interpreter/linkResolver.cpp, line 758]
Event: 13.592 Thread 0x00007ff608008100 Exception <a 'java/lang/NoSuchMethodError'{0x00000000f68734a8}: 'java.lang.Object java.lang.invoke.DirectMethodHandle$Holder.invokeStatic(java.lang.Object, java.lang.Object, int, java.lang.Object)'> (0x00000000f68734a8) 
thrown [src/hotspot/share/interpreter/linkResolver.cpp, line 758]
Event: 13.593 Thread 0x00007ff608008100 Exception <a 'java/lang/NoSuchMethodError'{0x00000000f68e6e50}: 'java.lang.Object java.lang.invoke.DirectMethodHandle$Holder.newInvokeSpecial(java.lang.Object, java.lang.Object, int)'> (0x00000000f68e6e50) 
thrown [src/hotspot/share/interpreter/linkResolver.cpp, line 758]
Event: 14.065 Thread 0x00007ff5f002fb60 Exception <a 'java/lang/NoSuchMethodError'{0x00000000f636dc00}: 'java.lang.Object java.lang.invoke.DirectMethodHandle$Holder.invokeStatic(java.lang.Object, int, java.lang.Object, java.lang.Object, java.lang.Object, java.lang.Object)'> (0x00000000f636dc00) 
thrown [src/hotspot/share/interpreter/linkResolver.cpp, line 758]
Event: 14.066 Thread 0x00007ff5f002fb60 Exception <a 'java/lang/NoSuchMethodError'{0x00000000f6375e28}: 'java.lang.Object java.lang.invoke.DirectMethodHandle$Holder.newInvokeSpecial(java.lang.Object, int, java.lang.Object, java.lang.Object, java.lang.Object)'> (0x00000000f6375e28) 
thrown [src/hotspot/share/interpreter/linkResolver.cpp, line 758]
Event: 14.077 Thread 0x00007ff5f01afe40 Exception <a 'java/lang/NoSuchMethodError'{0x00000000f65cbb08}: 'int java.lang.invoke.DirectMethodHandle$Holder.invokeSpecialIFC(java.lang.Object, java.lang.Object, java.lang.Object, java.lang.Object)'> (0x00000000f65cbb08) 
thrown [src/hotspot/share/interpreter/linkResolver.cpp, line 758]
Event: 14.077 Thread 0x00007ff5f01b0e40 Exception <a 'java/lang/NoSuchMethodError'{0x00000000f65a4948}: 'int java.lang.invoke.DirectMethodHandle$Holder.invokeSpecialIFC(java.lang.Object, java.lang.Object, java.lang.Object, java.lang.Object)'> (0x00000000f65a4948) 
thrown [src/hotspot/share/interpreter/linkResolver.cpp, line 758]
Event: 14.770 Thread 0x00007ff614621fb0 Implicit null exception at 0x00007ff66f065eb0 to 0x00007ff66f065f57
Event: 344.803 Thread 0x00007ff60801eed0 Exception <a 'java/lang/OutOfMemoryError'{0x00000000e0433788}> (0x00000000e0433788) 
thrown [src/hotspot/share/gc/shared/memAllocator.cpp, line 136]
Event: 352.072 Thread 0x00007ff6800d2d60 Exception <a 'java/lang/OutOfMemoryError'{0x00000000e0433a58}> (0x00000000e0433a58) 
thrown [src/hotspot/share/gc/shared/memAllocator.cpp, line 136]

VM Operations (20 events):
Event: 346.099 Executing VM operation: ParallelGCFailedAllocation done
Event: 346.099 Executing VM operation: ParallelGCFailedAllocation
Event: 346.850 Executing VM operation: ParallelGCFailedAllocation done
Event: 346.850 Executing VM operation: ParallelGCFailedAllocation
Event: 347.464 Executing VM operation: ParallelGCFailedAllocation done
Event: 347.465 Executing VM operation: ParallelGCFailedAllocation
Event: 348.072 Executing VM operation: ParallelGCFailedAllocation done
Event: 348.072 Executing VM operation: ParallelGCFailedAllocation
Event: 348.792 Executing VM operation: ParallelGCFailedAllocation done
Event: 348.792 Executing VM operation: ParallelGCFailedAllocation
Event: 349.409 Executing VM operation: ParallelGCFailedAllocation done
Event: 349.409 Executing VM operation: ParallelGCFailedAllocation
Event: 350.086 Executing VM operation: ParallelGCFailedAllocation done
Event: 350.086 Executing VM operation: ParallelGCFailedAllocation
Event: 350.768 Executing VM operation: ParallelGCFailedAllocation done
Event: 350.768 Executing VM operation: ParallelGCFailedAllocation
Event: 352.072 Executing VM operation: ParallelGCFailedAllocation done
Event: 352.072 Executing VM operation: ParallelGCFailedAllocation
Event: 352.682 Executing VM operation: ParallelGCFailedAllocation done
Event: 352.682 Executing VM operation: ParallelGCFailedAllocation

Events (20 events):
Event: 25.492 Thread 0x00007ff6800d56c0 flushing nmethod 0x00007ff668702910
Event: 25.492 Thread 0x00007ff6800d56c0 flushing nmethod 0x00007ff668702e90
Event: 25.492 Thread 0x00007ff6800d56c0 flushing nmethod 0x00007ff668703e10
Event: 25.492 Thread 0x00007ff6800d56c0 flushing nmethod 0x00007ff668704910
Event: 25.492 Thread 0x00007ff6800d56c0 flushing nmethod 0x00007ff66872a110
Event: 25.492 Thread 0x00007ff6800d56c0 flushing nmethod 0x00007ff66872cc90
Event: 25.492 Thread 0x00007ff6800d56c0 flushing nmethod 0x00007ff66872da90
Event: 25.492 Thread 0x00007ff6800d56c0 flushing nmethod 0x00007ff66872fb90
Event: 25.492 Thread 0x00007ff6800d56c0 flushing nmethod 0x00007ff668733b90
Event: 25.492 Thread 0x00007ff6800d56c0 flushing nmethod 0x00007ff668740c90
Event: 25.492 Thread 0x00007ff6800d56c0 flushing nmethod 0x00007ff668742810
Event: 25.493 Thread 0x00007ff6800d56c0 flushing nmethod 0x00007ff66877bf10
Event: 25.493 Thread 0x00007ff6800d56c0 flushing nmethod 0x00007ff66877c210
Event: 25.493 Thread 0x00007ff6800d56c0 flushing nmethod 0x00007ff66881a890
Event: 25.493 Thread 0x00007ff6800d56c0 flushing nmethod 0x00007ff668827510
Event: 25.493 Thread 0x00007ff6800d56c0 flushing nmethod 0x00007ff66883bb10
Event: 25.493 Thread 0x00007ff6800d56c0 flushing nmethod 0x00007ff66884fe10
Event: 70.214 Thread 0x00007ff680218e20 Thread exited: 0x00007ff680218e20
Event: 73.883 Thread 0x00007ff61447ca00 Thread exited: 0x00007ff61447ca00
Event: 73.883 Thread 0x00007ff608008100 Thread exited: 0x00007ff608008100


Dynamic libraries:
e0000000-f0b00000 rw-p 00000000 00:00 0 
f0b00000-fa000000 rw-p 00000000 00:00 0 
fa000000-100000000 ---p 00000000 00:00 0 
800000000-800449000 rw-p 00001000 00:96f 4611686019135357769             /nix/store/gpxl5qgg8kicmcvivwmybwjlpf7wh20l-graalvm17-ce-22.3.0/lib/server/classes.jsa
800449000-800bc8000 r--p 0044a000 00:96f 4611686019135357769             /nix/store/gpxl5qgg8kicmcvivwmybwjlpf7wh20l-graalvm17-ce-22.3.0/lib/server/classes.jsa
800bc8000-800c00000 ---p 00000000 00:00 0 
800c00000-800c10000 rw-p 00000000 00:00 0 
800c10000-800c30000 rw-p 00000000 00:00 0 
800c30000-800cb0000 rw-p 00000000 00:00 0 
800cb0000-800cf0000 rw-p 00000000 00:00 0 
800cf0000-800db0000 rw-p 00000000 00:00 0 
800db0000-800df0000 rw-p 00000000 00:00 0 
800df0000-801170000 rw-p 00000000 00:00 0 
801170000-801180000 ---p 00000000 00:00 0 
801180000-8011b0000 rw-p 00000000 00:00 0 
8011b0000-840c00000 ---p 00000000 00:00 0 
558983c02000-558983c03000 r-xp 00000000 00:96f 4611686019099417844       /nix/store/gpxl5qgg8kicmcvivwmybwjlpf7wh20l-graalvm17-ce-22.3.0/bin/.java-wrapped
558983c04000-558983c05000 r--p 00001000 00:96f 4611686019099417844       /nix/store/gpxl5qgg8kicmcvivwmybwjlpf7wh20l-graalvm17-ce-22.3.0/bin/.java-wrapped
558983c05000-558983c06000 rw-p 00002000 00:96f 4611686019099417844       /nix/store/gpxl5qgg8kicmcvivwmybwjlpf7wh20l-graalvm17-ce-22.3.0/bin/.java-wrapped
558983c06000-558983c07000 rw-p 00004000 00:96f 4611686019099417844       /nix/store/gpxl5qgg8kicmcvivwmybwjlpf7wh20l-graalvm17-ce-22.3.0/bin/.java-wrapped
558983c07000-558983c08000 rw-p 00005000 00:96f 4611686019099417844       /nix/store/gpxl5qgg8kicmcvivwmybwjlpf7wh20l-graalvm17-ce-22.3.0/bin/.java-wrapped
558984245000-55898428d000 rw-p 00000000 00:00 0                          [heap]
7ff5c4000000-7ff5c4060000 rw-p 00000000 00:00 0 
7ff5c4060000-7ff5c8000000 ---p 00000000 00:00 0 
7ff5c8000000-7ff5c8021000 rw-p 00000000 00:00 0 
7ff5c8021000-7ff5cc000000 ---p 00000000 00:00 0 
7ff5cc000000-7ff5cc03c000 rw-p 00000000 00:00 0 
7ff5cc03c000-7ff5d0000000 ---p 00000000 00:00 0 
7ff5d0000000-7ff5d003b000 rw-p 00000000 00:00 0 
7ff5d003b000-7ff5d4000000 ---p 00000000 00:00 0 
7ff5d4000000-7ff5d4050000 rw-p 00000000 00:00 0 
7ff5d4050000-7ff5d8000000 ---p 00000000 00:00 0 
7ff5d8000000-7ff5d8047000 rw-p 00000000 00:00 0 
7ff5d8047000-7ff5dc000000 ---p 00000000 00:00 0 
7ff5dc000000-7ff5dc102000 rw-p 00000000 00:00 0 
7ff5dc102000-7ff5e0000000 ---p 00000000 00:00 0 
7ff5e0400000-7ff5e04a0000 rw-p 00000000 00:00 0 
7ff5e04a0000-7ff5e0c00000 ---p 00000000 00:00 0 
7ff5e0c00000-7ff5e1400000 rw-p 00000000 00:00 0 
7ff5e1c00000-7ff5e1e30000 rw-p 00000000 00:00 0 
7ff5e1e30000-7ff5e20f0000 rw-p 00000000 00:00 0 
7ff5e20f0000-7ff5e2170000 rw-p 00000000 00:00 0 
7ff5e2170000-7ff5e2200000 ---p 00000000 00:00 0 
7ff5e2200000-7ff5e2400000 rw-p 00000000 00:00 0 
7ff5e24b3000-7ff5ec000000 r--s 00000000 00:96f 4611686019135192581       /nix/store/gpxl5qgg8kicmcvivwmybwjlpf7wh20l-graalvm17-ce-22.3.0/lib/modules
7ff5ec000000-7ff5ec021000 rw-p 00000000 00:00 0 
7ff5ec021000-7ff5f0000000 ---p 00000000 00:00 0 
7ff5f0000000-7ff5f0210000 rw-p 00000000 00:00 0 
7ff5f0210000-7ff5f4000000 ---p 00000000 00:00 0 
7ff5f4000000-7ff5f4022000 rw-p 00000000 00:00 0 
7ff5f4022000-7ff5f8000000 ---p 00000000 00:00 0 
7ff5f8000000-7ff5f8021000 rw-p 00000000 00:00 0 
7ff5f8021000-7ff5fc000000 ---p 00000000 00:00 0 
7ff5fc000000-7ff5fc3dd000 rw-p 00000000 00:00 0 
7ff5fc3dd000-7ff600000000 ---p 00000000 00:00 0 
7ff600000000-7ff600336000 rw-p 00000000 00:00 0 
7ff600336000-7ff604000000 ---p 00000000 00:00 0 
7ff604000000-7ff604021000 rw-p 00000000 00:00 0 
7ff604021000-7ff608000000 ---p 00000000 00:00 0 
7ff608000000-7ff60808b000 rw-p 00000000 00:00 0 
7ff60808b000-7ff60c000000 ---p 00000000 00:00 0 
7ff60c000000-7ff60c021000 rw-p 00000000 00:00 0 
7ff60c021000-7ff610000000 ---p 00000000 00:00 0 
7ff610000000-7ff6100ff000 rw-p 00000000 00:00 0 
7ff6100ff000-7ff614000000 ---p 00000000 00:00 0 
7ff614000000-7ff6148cf000 rw-p 00000000 00:00 0 
7ff6148cf000-7ff618000000 ---p 00000000 00:00 0 
7ff618000000-7ff61803c000 rw-p 00000000 00:00 0 
7ff61803c000-7ff61c000000 ---p 00000000 00:00 0 
7ff61c000000-7ff61c021000 rw-p 00000000 00:00 0 
7ff61c021000-7ff620000000 ---p 00000000 00:00 0 
7ff620000000-7ff620021000 rw-p 00000000 00:00 0 
7ff620021000-7ff624000000 ---p 00000000 00:00 0 
7ff624000000-7ff624021000 rw-p 00000000 00:00 0 
7ff624021000-7ff628000000 ---p 00000000 00:00 0 
7ff628400000-7ff628bb0000 rw-p 00000000 00:00 0 
7ff628bb0000-7ff628bf0000 rw-p 00000000 00:00 0 
7ff628bf0000-7ff628c00000 rw-p 00000000 00:00 0 
7ff629400000-7ff6294f0000 rw-p 00000000 00:00 0 
7ff6294f0000-7ff6295f0000 rw-p 00000000 00:00 0 
7ff6295f0000-7ff6298f0000 rw-p 00000000 00:00 0 
7ff6298f0000-7ff6299f0000 rw-p 00000000 00:00 0 
7ff6299f0000-7ff629bf0000 rw-p 00000000 00:00 0 
7ff629bf0000-7ff629c00000 rw-p 00000000 00:00 0 
7ff62a400000-7ff62a4f0000 rw-p 00000000 00:00 0 
7ff62a4f0000-7ff62a5f0000 rw-p 00000000 00:00 0 
7ff62a5f0000-7ff62ab70000 rw-p 00000000 00:00 0 
7ff62ab70000-7ff62ac00000 rw-p 00000000 00:00 0 
7ff62ac00000-7ff62ac10000 r-xp 00000000 00:95c 362                       /home/runner/.cache/jdt-language-server/config/org.eclipse.equinox.launcher/org.eclipse.equinox.launcher.gtk.linux.x86_64_1.2.400.v20211117-0650/eclipse_11600.so
7ff62ac10000-7ff62ae0f000 ---p 00010000 00:95c 362                       /home/runner/.cache/jdt-language-server/config/org.eclipse.equinox.launcher/org.eclipse.equinox.launcher.gtk.linux.x86_64_1.2.400.v20211117-0650/eclipse_11600.so
7ff62ae0f000-7ff62ae10000 r--p 0000f000 00:95c 362                       /home/runner/.cache/jdt-language-server/config/org.eclipse.equinox.launcher/org.eclipse.equinox.launcher.gtk.linux.x86_64_1.2.400.v20211117-0650/eclipse_11600.so
7ff62ae10000-7ff62ae11000 rw-p 00010000 00:95c 362                       /home/runner/.cache/jdt-language-server/config/org.eclipse.equinox.launcher/org.eclipse.equinox.launcher.gtk.linux.x86_64_1.2.400.v20211117-0650/eclipse_11600.so
7ff62aefe000-7ff62aeff000 ---p 00000000 00:00 0 
7ff62aeff000-7ff62b000000 rw-p 00000000 00:00 0 
7ff62b400000-7ff62b500000 ---p 00000000 00:00 0 
7ff62b500000-7ff62baaf000 r--p 01122000 00:96f 4611686019135190040       /nix/store/gpxl5qgg8kicmcvivwmybwjlpf7wh20l-graalvm17-ce-22.3.0/lib/libjvmcicompiler.so
7ff62baaf000-7ff62bc00000 r--p 00000000 00:00 0 
7ff62bc00000-7ff62bc3d000 rw-p 00000000 00:00 0 
7ff62bc3d000-7ff62c15d000 rw-p 0185f000 00:96f 4611686019135190040       /nix/store/gpxl5qgg8kicmcvivwmybwjlpf7wh20l-graalvm17-ce-22.3.0/lib/libjvmcicompiler.so
7ff62c15d000-7ff62c544000 r--p 01d7f000 00:96f 4611686019135190040       /nix/store/gpxl5qgg8kicmcvivwmybwjlpf7wh20l-graalvm17-ce-22.3.0/lib/libjvmcicompiler.so
7ff62c600000-7ff62c604000 ---p 00000000 00:00 0 
7ff62c604000-7ff62c700000 rw-p 00000000 00:00 0 
7ff62c700000-7ff62c704000 ---p 00000000 00:00 0 
7ff62c704000-7ff62c800000 rw-p 00000000 00:00 0 
7ff62c900000-7ff62c904000 ---p 00000000 00:00 0 
7ff62c904000-7ff62ca00000 rw-p 00000000 00:00 0 
7ff62cb00000-7ff62cb04000 ---p 00000000 00:00 0 
7ff62cb04000-7ff62cc00000 rw-p 00000000 00:00 0 
7ff62cc00000-7ff62cc04000 ---p 00000000 00:00 0 
7ff62cc04000-7ff62cd00000 rw-p 00000000 00:00 0 
7ff62cd00000-7ff62cd04000 ---p 00000000 00:00 0 
7ff62cd04000-7ff62ce00000 rw-p 00000000 00:00 0 
7ff62cf00000-7ff62cf04000 ---p 00000000 00:00 0 
7ff62cf04000-7ff62d000000 rw-p 00000000 00:00 0 
7ff62d100000-7ff62d104000 ---p 00000000 00:00 0 
7ff62d104000-7ff62d200000 rw-p 00000000 00:00 0 
7ff62d300000-7ff62d304000 ---p 00000000 00:00 0 
7ff62d304000-7ff62d400000 rw-p 00000000 00:00 0 
7ff62d500000-7ff62d504000 ---p 00000000 00:00 0 
7ff62d504000-7ff62d600000 rw-p 00000000 00:00 0 
7ff62d700000-7ff62d704000 ---p 00000000 00:00 0 
7ff62d704000-7ff62d800000 rw-p 00000000 00:00 0 
7ff62d900000-7ff62d904000 ---p 00000000 00:00 0 
7ff62d904000-7ff62da00000 rw-p 00000000 00:00 0 
7ff62db00000-7ff62db04000 ---p 00000000 00:00 0 
7ff62db04000-7ff62dc00000 rw-p 00000000 00:00 0 
7ff62dc00000-7ff62fd6a000 r-xp 00000000 00:96f 4611686019135190040       /nix/store/gpxl5qgg8kicmcvivwmybwjlpf7wh20l-graalvm17-ce-22.3.0/lib/libjvmcicompiler.so
7ff62fd6a000-7ff62ff69000 ---p 0216a000 00:96f 4611686019135190040       /nix/store/gpxl5qgg8kicmcvivwmybwjlpf7wh20l-graalvm17-ce-22.3.0/lib/libjvmcicompiler.so
7ff62ff69000-7ff62ff6a000 r--p 02169000 00:96f 4611686019135190040       /nix/store/gpxl5qgg8kicmcvivwmybwjlpf7wh20l-graalvm17-ce-22.3.0/lib/libjvmcicompiler.so
7ff62ff6a000-7ff62ff6c000 rw-p 0216a000 00:96f 4611686019135190040       /nix/store/gpxl5qgg8kicmcvivwmybwjlpf7wh20l-graalvm17-ce-22.3.0/lib/libjvmcicompiler.so
7ff62ff6c000-7ff62ff6d000 rw-p 00000000 00:00 0 
7ff62ff6d000-7ff62ff72000 rw-p 023c3000 00:96f 4611686019135190040       /nix/store/gpxl5qgg8kicmcvivwmybwjlpf7wh20l-graalvm17-ce-22.3.0/lib/libjvmcicompiler.so
7ff630000000-7ff630021000 rw-p 00000000 00:00 0 
7ff630021000-7ff634000000 ---p 00000000 00:00 0 
7ff634000000-7ff634021000 rw-p 00000000 00:00 0 
7ff634021000-7ff638000000 ---p 00000000 00:00 0 
7ff638000000-7ff638021000 rw-p 00000000 00:00 0 
7ff638021000-7ff63c000000 ---p 00000000 00:00 0 
7ff63c000000-7ff63c021000 rw-p 00000000 00:00 0 
7ff63c021000-7ff640000000 ---p 00000000 00:00 0 
7ff640000000-7ff6400d2000 rw-p 00000000 00:00 0 
7ff6400d2000-7ff644000000 ---p 00000000 00:00 0 
7ff644000000-7ff6449ee000 rw-p 00000000 00:00 0 
7ff6449ee000-7ff648000000 ---p 00000000 00:00 0 
7ff648000000-7ff648021000 rw-p 00000000 00:00 0 
7ff648021000-7ff64c000000 ---p 00000000 00:00 0 
7ff64c000000-7ff64c021000 rw-p 00000000 00:00 0 
7ff64c021000-7ff650000000 ---p 00000000 00:00 0 
7ff650000000-7ff650021000 rw-p 00000000 00:00 0 
7ff650021000-7ff654000000 ---p 00000000 00:00 0 
7ff654000000-7ff654021000 rw-p 00000000 00:00 0 
7ff654021000-7ff658000000 ---p 00000000 00:00 0 
7ff658000000-7ff65802f000 rw-p 00000000 00:00 0 
7ff65802f000-7ff65c000000 ---p 00000000 00:00 0 
7ff65c000000-7ff65c021000 rw-p 00000000 00:00 0 
7ff65c021000-7ff660000000 ---p 00000000 00:00 0 
7ff660000000-7ff66019b000 rw-p 00000000 00:00 0 
7ff66019b000-7ff664000000 ---p 00000000 00:00 0 
7ff664100000-7ff664104000 ---p 00000000 00:00 0 
7ff664104000-7ff664200000 rw-p 00000000 00:00 0 
7ff664200000-7ff664204000 ---p 00000000 00:00 0 
7ff664204000-7ff664300000 rw-p 00000000 00:00 0 
7ff664300000-7ff664304000 ---p 00000000 00:00 0 
7ff664304000-7ff664400000 rw-p 00000000 00:00 0 
7ff664400000-7ff664404000 ---p 00000000 00:00 0 
7ff664404000-7ff664500000 rw-p 00000000 00:00 0 
7ff664500000-7ff664504000 ---p 00000000 00:00 0 
7ff664504000-7ff664600000 rw-p 00000000 00:00 0 
7ff664700000-7ff664704000 ---p 00000000 00:00 0 
7ff664704000-7ff664800000 rw-p 00000000 00:00 0 
7ff664900000-7ff664904000 ---p 00000000 00:00 0 
7ff664904000-7ff664a00000 rw-p 00000000 00:00 0 
7ff665768000-7ff665c00000 rw-p 00000000 00:00 0 
7ff665c18000-7ff665c19000 ---p 00000000 00:00 0 
7ff665c19000-7ff665d1a000 rw-p 00000000 00:00 0 
7ff665d1a000-7ff665d1e000 ---p 00000000 00:00 0 
7ff665d1e000-7ff665e1a000 rw-p 00000000 00:00 0 
7ff665e1a000-7ff665e1e000 ---p 00000000 00:00 0 
7ff665e1e000-7ff665f1a000 rw-p 00000000 00:00 0 
7ff665f1a000-7ff665f1e000 ---p 00000000 00:00 0 
7ff665f1e000-7ff66601a000 rw-p 00000000 00:00 0 
7ff66601a000-7ff66601e000 ---p 00000000 00:00 0 
7ff66601e000-7ff66621a000 rw-p 00000000 00:00 0 
7ff66621a000-7ff66621e000 ---p 00000000 00:00 0 
7ff66621e000-7ff66641a000 rw-p 00000000 00:00 0 
7ff66641a000-7ff66641e000 ---p 00000000 00:00 0 
7ff66641e000-7ff66651a000 rw-p 00000000 00:00 0 
7ff66651a000-7ff66651e000 ---p 00000000 00:00 0 
7ff66651e000-7ff66661a000 rw-p 00000000 00:00 0 
7ff66661a000-7ff66661e000 ---p 00000000 00:00 0 
7ff66661e000-7ff66671a000 rw-p 00000000 00:00 0 
7ff66671a000-7ff666a00000 r--p 00000000 00:b3e 28444448                  /usr/lib/locale/locale-archive
7ff666a00000-7ff666a04000 ---p 00000000 00:00 0 
7ff666a04000-7ff666b00000 rw-p 00000000 00:00 0 
7ff666b00000-7ff666b04000 ---p 00000000 00:00 0 
7ff666b04000-7ff666ff0000 rw-p 00000000 00:00 0 
7ff666ff0000-7ff6672f0000 rw-p 00000000 00:00 0 
7ff6672f0000-7ff667400000 rw-p 00000000 00:00 0 
7ff66746a000-7ff66746e000 ---p 00000000 00:00 0 
7ff66746e000-7ff66748c000 rw-p 00000000 00:00 0 
7ff66748c000-7ff667493000 r-xp 00000000 00:96f 4611686019135192580       /nix/store/gpxl5qgg8kicmcvivwmybwjlpf7wh20l-graalvm17-ce-22.3.0/lib/libzip.so
7ff667493000-7ff667494000 ---p 00007000 00:96f 4611686019135192580       /nix/store/gpxl5qgg8kicmcvivwmybwjlpf7wh20l-graalvm17-ce-22.3.0/lib/libzip.so
7ff667494000-7ff667495000 r--p 00007000 00:96f 4611686019135192580       /nix/store/gpxl5qgg8kicmcvivwmybwjlpf7wh20l-graalvm17-ce-22.3.0/lib/libzip.so
7ff667495000-7ff667496000 rw-p 00008000 00:96f 4611686019135192580       /nix/store/gpxl5qgg8kicmcvivwmybwjlpf7wh20l-graalvm17-ce-22.3.0/lib/libzip.so
7ff667496000-7ff667498000 rw-p 0000b000 00:96f 4611686019135192580       /nix/store/gpxl5qgg8kicmcvivwmybwjlpf7wh20l-graalvm17-ce-22.3.0/lib/libzip.so
7ff667498000-7ff6674ad000 r-xp 00000000 00:96f 4611686019135192570       /nix/store/gpxl5qgg8kicmcvivwmybwjlpf7wh20l-graalvm17-ce-22.3.0/lib/libnet.so
7ff6674ad000-7ff6674ae000 ---p 00015000 00:96f 4611686019135192570       /nix/store/gpxl5qgg8kicmcvivwmybwjlpf7wh20l-graalvm17-ce-22.3.0/lib/libnet.so
7ff6674ae000-7ff6674af000 r--p 00015000 00:96f 4611686019135192570       /nix/store/gpxl5qgg8kicmcvivwmybwjlpf7wh20l-graalvm17-ce-22.3.0/lib/libnet.so
7ff6674af000-7ff6674b0000 rw-p 00016000 00:96f 4611686019135192570       /nix/store/gpxl5qgg8kicmcvivwmybwjlpf7wh20l-graalvm17-ce-22.3.0/lib/libnet.so
7ff6674b0000-7ff6674b3000 rw-p 0001b000 00:96f 4611686019135192570       /nix/store/gpxl5qgg8kicmcvivwmybwjlpf7wh20l-graalvm17-ce-22.3.0/lib/libnet.so
7ff6674b3000-7ff667723000 rwxp 00000000 00:00 0 
7ff667723000-7ff667a42000 ---p 00000000 00:00 0 
7ff667a42000-7ff668872000 rwxp 00000000 00:00 0 
7ff668872000-7ff66ef7a000 ---p 00000000 00:00 0 
7ff66ef7a000-7ff66f21a000 rwxp 00000000 00:00 0 
7ff66f21a000-7ff6764b3000 ---p 00000000 00:00 0 
7ff6764b3000-7ff680000000 r--s 00000000 00:96f 4611686019135192581       /nix/store/gpxl5qgg8kicmcvivwmybwjlpf7wh20l-graalvm17-ce-22.3.0/lib/modules
7ff680000000-7ff680429000 rw-p 00000000 00:00 0 
7ff680429000-7ff684000000 ---p 00000000 00:00 0 
7ff684005000-7ff684018000 r-xp 00000000 00:96f 4611686019135192571       /nix/store/gpxl5qgg8kicmcvivwmybwjlpf7wh20l-graalvm17-ce-22.3.0/lib/libnio.so
7ff684018000-7ff684019000 r--p 00012000 00:96f 4611686019135192571       /nix/store/gpxl5qgg8kicmcvivwmybwjlpf7wh20l-graalvm17-ce-22.3.0/lib/libnio.so
7ff684019000-7ff68401a000 rw-p 00013000 00:96f 4611686019135192571       /nix/store/gpxl5qgg8kicmcvivwmybwjlpf7wh20l-graalvm17-ce-22.3.0/lib/libnio.so
7ff68401a000-7ff68401f000 rw-p 00019000 00:96f 4611686019135192571       /nix/store/gpxl5qgg8kicmcvivwmybwjlpf7wh20l-graalvm17-ce-22.3.0/lib/libnio.so
7ff68401f000-7ff684020000 ---p 00000000 00:00 0 
7ff684020000-7ff684121000 rw-p 00000000 00:00 0 
7ff684121000-7ff6841ef000 r-xp 00000000 00:96f 4611686019135190036       /nix/store/gpxl5qgg8kicmcvivwmybwjlpf7wh20l-graalvm17-ce-22.3.0/lib/libjsvml.so
7ff6841ef000-7ff6841f0000 r--p 000cd000 00:96f 4611686019135190036       /nix/store/gpxl5qgg8kicmcvivwmybwjlpf7wh20l-graalvm17-ce-22.3.0/lib/libjsvml.so
7ff6841f0000-7ff6841f1000 rw-p 000ce000 00:96f 4611686019135190036       /nix/store/gpxl5qgg8kicmcvivwmybwjlpf7wh20l-graalvm17-ce-22.3.0/lib/libjsvml.so
7ff6841f1000-7ff685dcc000 rw-p 00000000 00:00 0 
7ff685dcc000-7ff685dcd000 ---p 00000000 00:00 0 
7ff685dcd000-7ff685f54000 rw-p 00000000 00:00 0 
7ff685f54000-7ff685f9e000 rw-p 00000000 00:00 0 
7ff685f9e000-7ff685fce000 ---p 00000000 00:00 0 
7ff685fce000-7ff685fd5000 rw-p 00000000 00:00 0 
7ff685fd5000-7ff6860ba000 ---p 00000000 00:00 0 
7ff6860ba000-7ff6860d7000 rw-p 00000000 00:00 0 
7ff6860d7000-7ff6861a5000 ---p 00000000 00:00 0 
7ff6861a5000-7ff6861aa000 rw-p 00000000 00:00 0 
7ff6861aa000-7ff6861b1000 ---p 00000000 00:00 0 
7ff6861b1000-7ff6861d5000 r-xp 00000000 00:96f 4611686019135190028       /nix/store/gpxl5qgg8kicmcvivwmybwjlpf7wh20l-graalvm17-ce-22.3.0/lib/libjava.so
7ff6861d5000-7ff6861d6000 ---p 00024000 00:96f 4611686019135190028       /nix/store/gpxl5qgg8kicmcvivwmybwjlpf7wh20l-graalvm17-ce-22.3.0/lib/libjava.so
7ff6861d6000-7ff6861d7000 r--p 00024000 00:96f 4611686019135190028       /nix/store/gpxl5qgg8kicmcvivwmybwjlpf7wh20l-graalvm17-ce-22.3.0/lib/libjava.so
7ff6861d7000-7ff6861d8000 rw-p 00025000 00:96f 4611686019135190028       /nix/store/gpxl5qgg8kicmcvivwmybwjlpf7wh20l-graalvm17-ce-22.3.0/lib/libjava.so
7ff6861d8000-7ff6861d9000 rw-p 00000000 00:00 0 
7ff6861d9000-7ff6861e0000 rw-p 0002f000 00:96f 4611686019135190028       /nix/store/gpxl5qgg8kicmcvivwmybwjlpf7wh20l-graalvm17-ce-22.3.0/lib/libjava.so
7ff6861e0000-7ff6861e8000 rw-s 00000000 00:b3a 760                       /tmp/hsperfdata_runner/5422
7ff6861e8000-7ff6861e9000 ---p 00000000 00:00 0 
7ff6861e9000-7ff6861ea000 r--p 00000000 00:00 0 
7ff6861ea000-7ff6861eb000 rwxp 00000000 00:00 0 
7ff6861eb000-7ff686206000 r-xp 00000000 00:96f 4611686019135190032       /nix/store/gpxl5qgg8kicmcvivwmybwjlpf7wh20l-graalvm17-ce-22.3.0/lib/libjimage.so
7ff686206000-7ff686207000 ---p 0001b000 00:96f 4611686019135190032       /nix/store/gpxl5qgg8kicmcvivwmybwjlpf7wh20l-graalvm17-ce-22.3.0/lib/libjimage.so
7ff686207000-7ff686209000 r--p 0001b000 00:96f 4611686019135190032       /nix/store/gpxl5qgg8kicmcvivwmybwjlpf7wh20l-graalvm17-ce-22.3.0/lib/libjimage.so
7ff686209000-7ff68620a000 rw-p 0001d000 00:96f 4611686019135190032       /nix/store/gpxl5qgg8kicmcvivwmybwjlpf7wh20l-graalvm17-ce-22.3.0/lib/libjimage.so
7ff68620a000-7ff68620b000 rw-p 00024000 00:96f 4611686019135190032       /nix/store/gpxl5qgg8kicmcvivwmybwjlpf7wh20l-graalvm17-ce-22.3.0/lib/libjimage.so
7ff68620b000-7ff68620f000 ---p 00000000 00:00 0 
7ff68620f000-7ff68630b000 rw-p 00000000 00:00 0 
7ff68630b000-7ff686319000 r--p 00000000 00:96f 4611686019027979927       /nix/store/4nlgxhb09sdr51nc9hdm8az5b08vzkgx-glibc-2.35-163/lib/libm.so.6
7ff686319000-7ff68638c000 r-xp 0000e000 00:96f 4611686019027979927       /nix/store/4nlgxhb09sdr51nc9hdm8az5b08vzkgx-glibc-2.35-163/lib/libm.so.6
7ff68638c000-7ff6863e9000 r--p 00081000 00:96f 4611686019027979927       /nix/store/4nlgxhb09sdr51nc9hdm8az5b08vzkgx-glibc-2.35-163/lib/libm.so.6
7ff6863e9000-7ff6863ea000 r--p 000dd000 00:96f 4611686019027979927       /nix/store/4nlgxhb09sdr51nc9hdm8az5b08vzkgx-glibc-2.35-163/lib/libm.so.6
7ff6863ea000-7ff6863eb000 rw-p 000de000 00:96f 4611686019027979927       /nix/store/4nlgxhb09sdr51nc9hdm8az5b08vzkgx-glibc-2.35-163/lib/libm.so.6
7ff6863eb000-7ff6863ec000 r--p 00000000 00:96f 4611686019027979946       /nix/store/4nlgxhb09sdr51nc9hdm8az5b08vzkgx-glibc-2.35-163/lib/librt.so.1
7ff6863ec000-7ff6863ed000 r-xp 00001000 00:96f 4611686019027979946       /nix/store/4nlgxhb09sdr51nc9hdm8az5b08vzkgx-glibc-2.35-163/lib/librt.so.1
7ff6863ed000-7ff6863ee000 r--p 00002000 00:96f 4611686019027979946       /nix/store/4nlgxhb09sdr51nc9hdm8az5b08vzkgx-glibc-2.35-163/lib/librt.so.1
7ff6863ee000-7ff6863ef000 r--p 00002000 00:96f 4611686019027979946       /nix/store/4nlgxhb09sdr51nc9hdm8az5b08vzkgx-glibc-2.35-163/lib/librt.so.1
7ff6863ef000-7ff6863f0000 rw-p 00003000 00:96f 4611686019027979946       /nix/store/4nlgxhb09sdr51nc9hdm8az5b08vzkgx-glibc-2.35-163/lib/librt.so.1
7ff6863f0000-7ff687503000 r-xp 00000000 00:96f 4611686019135360866       /nix/store/gpxl5qgg8kicmcvivwmybwjlpf7wh20l-graalvm17-ce-22.3.0/lib/server/libjvm.so
7ff687503000-7ff687504000 ---p 01113000 00:96f 4611686019135360866       /nix/store/gpxl5qgg8kicmcvivwmybwjlpf7wh20l-graalvm17-ce-22.3.0/lib/server/libjvm.so
7ff687504000-7ff6875b9000 r--p 01113000 00:96f 4611686019135360866       /nix/store/gpxl5qgg8kicmcvivwmybwjlpf7wh20l-graalvm17-ce-22.3.0/lib/server/libjvm.so
7ff6875b9000-7ff6875ed000 rw-p 011c8000 00:96f 4611686019135360866       /nix/store/gpxl5qgg8kicmcvivwmybwjlpf7wh20l-graalvm17-ce-22.3.0/lib/server/libjvm.so
7ff6875ed000-7ff687649000 rw-p 00000000 00:00 0 
7ff687649000-7ff687671000 r--p 00000000 00:96f 4611686019027979918       /nix/store/4nlgxhb09sdr51nc9hdm8az5b08vzkgx-glibc-2.35-163/lib/libc.so.6
7ff687671000-7ff6877e7000 r-xp 00028000 00:96f 4611686019027979918       /nix/store/4nlgxhb09sdr51nc9hdm8az5b08vzkgx-glibc-2.35-163/lib/libc.so.6
7ff6877e7000-7ff68783f000 r--p 0019e000 00:96f 4611686019027979918       /nix/store/4nlgxhb09sdr51nc9hdm8az5b08vzkgx-glibc-2.35-163/lib/libc.so.6
7ff68783f000-7ff687843000 r--p 001f6000 00:96f 4611686019027979918       /nix/store/4nlgxhb09sdr51nc9hdm8az5b08vzkgx-glibc-2.35-163/lib/libc.so.6
7ff687843000-7ff687845000 rw-p 001fa000 00:96f 4611686019027979918       /nix/store/4nlgxhb09sdr51nc9hdm8az5b08vzkgx-glibc-2.35-163/lib/libc.so.6
7ff687845000-7ff687854000 rw-p 00000000 00:00 0 
7ff687854000-7ff687855000 r--p 00000000 00:96f 4611686019027979923       /nix/store/4nlgxhb09sdr51nc9hdm8az5b08vzkgx-glibc-2.35-163/lib/libdl.so.2
7ff687855000-7ff687856000 r-xp 00001000 00:96f 4611686019027979923       /nix/store/4nlgxhb09sdr51nc9hdm8az5b08vzkgx-glibc-2.35-163/lib/libdl.so.2
7ff687856000-7ff687857000 r--p 00002000 00:96f 4611686019027979923       /nix/store/4nlgxhb09sdr51nc9hdm8az5b08vzkgx-glibc-2.35-163/lib/libdl.so.2
7ff687857000-7ff687858000 r--p 00002000 00:96f 4611686019027979923       /nix/store/4nlgxhb09sdr51nc9hdm8az5b08vzkgx-glibc-2.35-163/lib/libdl.so.2
7ff687858000-7ff687859000 rw-p 00003000 00:96f 4611686019027979923       /nix/store/4nlgxhb09sdr51nc9hdm8az5b08vzkgx-glibc-2.35-163/lib/libdl.so.2
7ff687859000-7ff68785a000 r--p 00000000 00:96f 4611686019027979942       /nix/store/4nlgxhb09sdr51nc9hdm8az5b08vzkgx-glibc-2.35-163/lib/libpthread.so.0
7ff68785a000-7ff68785b000 r-xp 00001000 00:96f 4611686019027979942       /nix/store/4nlgxhb09sdr51nc9hdm8az5b08vzkgx-glibc-2.35-163/lib/libpthread.so.0
7ff68785b000-7ff68785c000 r--p 00002000 00:96f 4611686019027979942       /nix/store/4nlgxhb09sdr51nc9hdm8az5b08vzkgx-glibc-2.35-163/lib/libpthread.so.0
7ff68785c000-7ff68785d000 r--p 00002000 00:96f 4611686019027979942       /nix/store/4nlgxhb09sdr51nc9hdm8az5b08vzkgx-glibc-2.35-163/lib/libpthread.so.0
7ff68785d000-7ff68785e000 rw-p 00003000 00:96f 4611686019027979942       /nix/store/4nlgxhb09sdr51nc9hdm8az5b08vzkgx-glibc-2.35-163/lib/libpthread.so.0
7ff68785e000-7ff68786c000 r-xp 00000000 00:96f 4611686019135190033       /nix/store/gpxl5qgg8kicmcvivwmybwjlpf7wh20l-graalvm17-ce-22.3.0/lib/libjli.so
7ff68786c000-7ff68786d000 ---p 0000e000 00:96f 4611686019135190033       /nix/store/gpxl5qgg8kicmcvivwmybwjlpf7wh20l-graalvm17-ce-22.3.0/lib/libjli.so
7ff68786d000-7ff68786e000 r--p 0000e000 00:96f 4611686019135190033       /nix/store/gpxl5qgg8kicmcvivwmybwjlpf7wh20l-graalvm17-ce-22.3.0/lib/libjli.so
7ff68786e000-7ff68786f000 rw-p 0000f000 00:96f 4611686019135190033       /nix/store/gpxl5qgg8kicmcvivwmybwjlpf7wh20l-graalvm17-ce-22.3.0/lib/libjli.so
7ff68786f000-7ff687870000 rw-p 00012000 00:96f 4611686019135190033       /nix/store/gpxl5qgg8kicmcvivwmybwjlpf7wh20l-graalvm17-ce-22.3.0/lib/libjli.so
7ff687870000-7ff687873000 r--p 00000000 00:96f 4611686019106210071       /nix/store/026hln0aq1hyshaxsdvhg0kmcm6yf45r-zlib-1.2.13/lib/libz.so.1.2.13
7ff687873000-7ff687885000 r-xp 00003000 00:96f 4611686019106210071       /nix/store/026hln0aq1hyshaxsdvhg0kmcm6yf45r-zlib-1.2.13/lib/libz.so.1.2.13
7ff687885000-7ff68788c000 r--p 00015000 00:96f 4611686019106210071       /nix/store/026hln0aq1hyshaxsdvhg0kmcm6yf45r-zlib-1.2.13/lib/libz.so.1.2.13
7ff68788c000-7ff68788d000 r--p 0001b000 00:96f 4611686019106210071       /nix/store/026hln0aq1hyshaxsdvhg0kmcm6yf45r-zlib-1.2.13/lib/libz.so.1.2.13
7ff68788d000-7ff68788e000 rw-p 0001c000 00:96f 4611686019106210071       /nix/store/026hln0aq1hyshaxsdvhg0kmcm6yf45r-zlib-1.2.13/lib/libz.so.1.2.13
7ff68788e000-7ff687890000 rw-p 00000000 00:00 0 
7ff687890000-7ff687892000 r--p 00000000 00:96f 4611686019027979912       /nix/store/4nlgxhb09sdr51nc9hdm8az5b08vzkgx-glibc-2.35-163/lib/ld-linux-x86-64.so.2
7ff687892000-7ff6878b9000 r-xp 00002000 00:96f 4611686019027979912       /nix/store/4nlgxhb09sdr51nc9hdm8az5b08vzkgx-glibc-2.35-163/lib/ld-linux-x86-64.so.2
7ff6878b9000-7ff6878c5000 r--p 00029000 00:96f 4611686019027979912       /nix/store/4nlgxhb09sdr51nc9hdm8az5b08vzkgx-glibc-2.35-163/lib/ld-linux-x86-64.so.2
7ff6878c5000-7ff6878c7000 r--p 00034000 00:96f 4611686019027979912       /nix/store/4nlgxhb09sdr51nc9hdm8az5b08vzkgx-glibc-2.35-163/lib/ld-linux-x86-64.so.2
7ff6878c7000-7ff6878c9000 rw-p 00036000 00:96f 4611686019027979912       /nix/store/4nlgxhb09sdr51nc9hdm8az5b08vzkgx-glibc-2.35-163/lib/ld-linux-x86-64.so.2
7ffc4c7bb000-7ffc4c7df000 rw-p 00000000 00:00 0                          [stack]
7ffc4c7ef000-7ffc4c7f3000 r--p 00000000 00:00 0                          [vvar]
7ffc4c7f3000-7ffc4c7f5000 r-xp 00000000 00:00 0                          [vdso]
ffffffffff600000-ffffffffff601000 --xp 00000000 00:00 0                  [vsyscall]


VM Arguments:
jvm_args: -XX:ThreadPriorityPolicy=1 -XX:+UnlockExperimentalVMOptions -XX:+EnableJVMCIProduct -XX:JVMCIThreadsPerNativeLibraryRuntime=1 -XX:-UnlockExperimentalVMOptions -Declipse.application=org.eclipse.jdt.ls.core.id1 -Dosgi.bundles.defaultStartLevel=4 -Declipse.product=org.eclipse.jdt.ls.core.product -Dlog.level=ALL -Xverify:none -XX:+UseParallelGC -XX:GCTimeRatio=4 -XX:AdaptiveSizePolicyWeight=90 -Dsun.zip.disableMemoryMapping=true -Xmx512m -Xms100m 
java_command: /nix/store/a7s9klvriqi68xz3qjc0qyfl5h86xc16-jdt-language-server-1.9.0/share/java/plugins/org.eclipse.equinox.launcher_1.6.400.v20210924-0641.jar --add-modules=ALL-SYSTEM --add-opens java.base/java.util=ALL-UNNAMED --add-opens java.base/java.lang=ALL-UNNAMED -configuration /home/runner/.cache/jdt-language-server/config -data /home/runner/.cache/jdt-language-server/data/home/runner/Card-Game-Aggregation-Part-2-SaxonHays
java_class_path (initial): /nix/store/a7s9klvriqi68xz3qjc0qyfl5h86xc16-jdt-language-server-1.9.0/share/java/plugins/org.eclipse.equinox.launcher_1.6.400.v20210924-0641.jar
Launcher Type: SUN_STANDARD

[Global flags]
    uintx AdaptiveSizePolicyWeight                 = 90                                        {product} {command line}
     intx CICompilerCount                          = 2                                         {product} {ergonomic}
     bool EnableJVMCIProduct                       = true                                {JVMCI product} {jimage}
    uintx GCTimeRatio                              = 4                                         {product} {command line}
   size_t InitialHeapSize                          = 104857600                                 {product} {command line}
     uint JVMCIThreadsPerNativeLibraryRuntime      = 1                                   {JVMCI product} {jimage}
   size_t MaxHeapSize                              = 536870912                                 {product} {command line}
   size_t MaxNewSize                               = 178782208                                 {product} {ergonomic}
   size_t MinHeapDeltaBytes                        = 524288                                    {product} {ergonomic}
   size_t MinHeapSize                              = 104857600                                 {product} {command line}
   size_t NewSize                                  = 34603008                                  {product} {ergonomic}
    uintx NonNMethodCodeHeapSize                   = 5826188                                {pd product} {ergonomic}
    uintx NonProfiledCodeHeapSize                  = 122916026                              {pd product} {ergonomic}
   size_t OldSize                                  = 70254592                                  {product} {ergonomic}
    uintx ProfiledCodeHeapSize                     = 122916026                              {pd product} {ergonomic}
    uintx ReservedCodeCacheSize                    = 251658240                              {pd product} {ergonomic}
     bool SegmentedCodeCache                       = true                                      {product} {ergonomic}
   size_t SoftMaxHeapSize                          = 536870912                              {manageable} {ergonomic}
     intx ThreadPriorityPolicy                     = 1                                         {product} {jimage}
     bool UseCompressedClassPointers               = true                           {product lp64_product} {ergonomic}
     bool UseCompressedOops                        = true                           {product lp64_product} {ergonomic}
     bool UseParallelGC                            = true                                      {product} {command line}

Logging:
Log output configuration:
 #0: stdout all=warning uptime,level,tags
 #1: stderr all=off uptime,level,tags

Environment Variables:
JAVA_HOME=/nix/store/gpxl5qgg8kicmcvivwmybwjlpf7wh20l-graalvm17-ce-22.3.0
PATH=/nix/store/1d6ian3r8kdzspw8hacjhl3xkp40g1lj-binutils-wrapper-2.39/bin:/nix/store/dq0xwmsk1g0i2ayg6pb7y87na2knzylh-gcc-wrapper-11.3.0/bin:/nix/store/bap4d0lpcrhpwmpb8ayjcgkmvfj62lnq-bash-interactive-5.1-p16/bin:/nix/store/pr5n59mb4jzmfx6kanwxly0l07p861fg-patchelf-0.15.0/bin:/nix/store/1gf2flfqnpqbr1b4p4qz2f72y42bs56r-gcc-11.3.0/bin:/nix/store/57xv61c5zi8pphjbcwxxjlgc34p61ic9-glibc-2.35-163-bin/bin:/nix/store/a7gvj343m05j2s32xcnwr35v31ynlypr-coreutils-9.1/bin:/nix/store/039g378vc3pc3dvi9dzdlrd0i4q93qwf-binutils-2.39/bin:/nix/store/gpxl5qgg8kicmcvivwmybwjlpf7wh20l-graalvm17-ce-22.3.0/bin:/nix/store/6z9ag3ihc8mq2hzsw48lhbznvzny65nz-apache-maven-3.8.6/bin:/nix/store/a7s9klvriqi68xz3qjc0qyfl5h86xc16-jdt-language-server-1.9.0/bin:/nix/store/48ifl2w60a3zp7yskbpnvn8jp9jdsb7k-java-debug/bin:/nix/store/mydc6f4k2z73xlcz7ilif3v2lcaiqvza-findutils-4.9.0/bin:/nix/store/j9p3g8472iijd50vhdprx0nmk2fqn5gv-diffutils-3.8/bin:/nix/store/89zs7rms6x00xfq4dq6m7mjnhkr8a6r4-gnused-4.8/bin:/nix/store/86bp03jkmsl6f92w0yzg4s59g5mhxwmy-gnugrep-3.7/bin:/nix/store/hwcdqw4jrjnd37wxqgsd47hd0j8bnj09-gawk-5.1.1/bin:/nix/store/cfbhw8r8ags41vwqaz47r583d0p4h4a1-gnutar-1.34/bin:/nix/store/p3m1ndl1lapwrlh698bnb5lvvxh67378-gzip-1.12/bin:/nix/store/a8mhcagrsly7c7mpjrpsnaahk4aax056-bzip2-1.0.8-bin/bin:/nix/store/mblgz65m3zv9x548a3d5m96fj2pbwr09-gnumake-4.3/bin:/nix/store/dsd5gz46hdbdk2rfdimqddhq6m8m8fqs-bash-5.1-p16/bin:/nix/store/v7ljksji50mg3w61dykaa3n3y79n6nil-patch-2.7.6/bin:/nix/store/zlcnmqq14jz5x9439jf937mvayyl63da-xz-5.2.7-bin/bin:/nix/store/y6aj732zm9m87c82fpvf103a1xb22blp-file-5.43/bin:/nix/store/i4kzir3m7mrisxmf5xvlnkw01x4qaqr4-prybar-elisp-0.0.0-e0d9a52/bin:/nix/store/lwwivxf6h7x3cvxp9zv8sj0mv7dak99r-prybar-lua-0.0.0-e0d9a52/bin:/nix/store/gxj28g1cg4hq3qanmjv07156h800qr58-prybar-python3-0.0.0-e0d9a52/bin:/nix/store/hshkjnxrgidigf8x75vg6lqng2xlx9i3-prybar-sqlite-0.0.0-e0d9a52/bin:/nix/store/c4w01bpjgyy5ixmwdk8m1pw87zq4sl26-prybar-tcl-0.0.0-e0d9a52/bin:/nix/store/hpbvrlwd5viqmvcaisb3x0118i913a9n-st
LD_LIBRARY_PATH=/nix/store/a4pff549sk2idnkpzk5nsfps3mdkdnvm-cups-2.4.2-lib/lib:/nix/store/72mqxxhh3cy5yifh92wh2yb8cl2hikyy-cairo-1.16.0/lib:/nix/store/2k366jrbsra97gjfxwvrhvixjfxdach5-glib-2.74.1/lib:/nix/store/2j2znigd8ak37rlwh9khz0ry3clqlw1l-gtk+3-3.24.34/lib:/nix/store/hisqvx32cd57apbpcsnkpx6k3549wql1-libglvnd-1.4.0/lib:/nix/store/p36pgcv991mq5srvg765b78yqpxvk3qs-mesa-21.3.3-drivers/lib:/nix/store/mav4251if1ahjq5vkpwycyyvnmy459c4-pulseaudio-14.2/lib
DISPLAY=:0
LANG=en_US.UTF-8

Signal Handlers:
   SIGSEGV: crash_handler in libjvm.so, mask=11100100010111111101111111111110, flags=SA_RESTART|SA_SIGINFO
    SIGBUS: crash_handler in libjvm.so, mask=11100100010111111101111111111110, flags=SA_RESTART|SA_SIGINFO
    SIGFPE: crash_handler in libjvm.so, mask=11100100010111111101111111111110, flags=SA_RESTART|SA_SIGINFO
   SIGPIPE: IsolateEnterStub_IgnoreSIGPIPEStartupHook_noopSignalHandler_8f19bff2f35b5f630d83b364d6b2339320d4ec70_216e8361c6bc87a8f89f58cc10d3b2fd4415bf87 in libjvmcicompiler.so, mask=00000000000000000000000000000000, flags=SA_RESTART
  *** Handler was modified!
  *** Expected: javaSignalHandler in libjvm.so, mask=11100100110111111111111111111110, flags=SA_RESTART|SA_SIGINFO
   SIGXFSZ: javaSignalHandler in libjvm.so, mask=11100100010111111101111111111110, flags=SA_RESTART|SA_SIGINFO
    SIGILL: crash_handler in libjvm.so, mask=11100100010111111101111111111110, flags=SA_RESTART|SA_SIGINFO
   SIGUSR2: SR_handler in libjvm.so, mask=00000000000000000000000000000000, flags=SA_RESTART|SA_SIGINFO
    SIGHUP: UserHandler in libjvm.so, mask=11100100010111111101111111111110, flags=SA_RESTART|SA_SIGINFO
    SIGINT: UserHandler in libjvm.so, mask=11100100010111111101111111111110, flags=SA_RESTART|SA_SIGINFO
   SIGTERM: UserHandler in libjvm.so, mask=11100100010111111101111111111110, flags=SA_RESTART|SA_SIGINFO
   SIGQUIT: UserHandler in libjvm.so, mask=11100100010111111101111111111110, flags=SA_RESTART|SA_SIGINFO
  *** Handler was modified!
  *** Expected: javaSignalHandler in libjvm.so, mask=11100100110111111111111111111110, flags=SA_RESTART|SA_SIGINFO
   SIGTRAP: crash_handler in libjvm.so, mask=11100100010111111101111111111110, flags=SA_RESTART|SA_SIGINFO


---------------  S Y S T E M  ---------------

OS:
DISTRIB_ID=Ubuntu
DISTRIB_RELEASE=20.04
DISTRIB_CODENAME=focal
DISTRIB_DESCRIPTION="Ubuntu 20.04.2 LTS"
uname: Linux 6.2.0-1014-gcp #14~22.04.1-Ubuntu SMP Mon Sep 11 07:44:43 UTC 2023 x86_64
OS uptime: 0 days 6:34 hours
libc: glibc 2.35 NPTL 2.35 
rlimit (soft/hard): STACK 8192k/infinity , CORE infinity/infinity , NPROC infinity/infinity , NOFILE 20971/20971 , AS infinity/infinity , CPU infinity/infinity , DATA infinity/infinity , FSIZE infinity/infinity , MEMLOCK 8192k/8192k
load average: 12.86 14.85 14.09

/proc/meminfo:
MemTotal:       65833892 kB
MemFree:        27153060 kB
MemAvailable:   34609376 kB
Buffers:          784904 kB
Cached:          6320756 kB
SwapCached:            0 kB
Active:          5237028 kB
Inactive:       31404488 kB
Active(anon):       6688 kB
Inactive(anon): 29283480 kB
Active(file):    5230340 kB
Inactive(file):  2121008 kB
Unevictable:       28832 kB
Mlocked:           28832 kB
SwapTotal:             0 kB
SwapFree:              0 kB
Zswap:                 0 kB
Zswapped:              0 kB
Dirty:              2976 kB
Writeback:          1248 kB
AnonPages:      25596008 kB
Mapped:          1380384 kB
Shmem:             13528 kB
KReclaimable:     831412 kB
Slab:            1333376 kB
SReclaimable:     831412 kB
SUnreclaim:       501964 kB
KernelStack:      111168 kB
PageTables:       186676 kB
SecPageTables:         0 kB
NFS_Unstable:          0 kB
Bounce:                0 kB
WritebackTmp:          0 kB
CommitLimit:    32916944 kB
Committed_AS:   60622972 kB
VmallocTotal:   34359738367 kB
VmallocUsed:      140508 kB
VmallocChunk:          0 kB
Percpu:            61376 kB
HardwareCorrupted:     0 kB
AnonHugePages:   3135488 kB
ShmemHugePages:        0 kB
ShmemPmdMapped:        0 kB
FileHugePages:         0 kB
FilePmdMapped:         0 kB
HugePages_Total:       0
HugePages_Free:        0
HugePages_Rsvd:        0
HugePages_Surp:        0
Hugepagesize:       2048 kB
Hugetlb:               0 kB
DirectMap4k:      359224 kB
DirectMap2M:    21657600 kB
DirectMap1G:    47185920 kB

/sys/kernel/mm/transparent_hugepage/enabled: always [madvise] never
/sys/kernel/mm/transparent_hugepage/defrag (defrag/compaction efforts parameter): always defer defer+madvise [madvise] never

Process Memory:
Virtual Size: 4724824K (peak: 4781884K)
Resident Set Size: 749516K (peak: 778984K) (anon: 553060K, file: 196456K, shmem: 0K)
Swapped out: 0K
C-Heap outstanding allocations: 42188K, retained: 15039K
glibc malloc tunables: (default)

/proc/sys/kernel/threads-max (system-wide limit on the number of threads): 514261
/proc/sys/vm/max_map_count (maximum number of memory map areas a process may have): 65530
/proc/sys/kernel/pid_max (system-wide limit on number of process identifiers): 4194304

container (cgroup) information:
container_type: cgroupv2
cpu_cpuset_cpus: not supported
cpu_memory_nodes: not supported
active_processor_count: 2
cpu_quota: 200000
cpu_period: 100000
cpu_shares: no shares
memory_limit_in_bytes: 3292528 k
memory_and_swap_limit_in_bytes: unlimited
memory_soft_limit_in_bytes: 2097152 k
memory_usage_in_bytes: 678296 k
memory_max_usage_in_bytes: not supported
maximum number of tasks: not supported
current number of tasks: not supported

KVM virtualization detected
Steal ticks since vm start: 18647
Steal ticks percentage since vm start:  0.033

CPU: total 16 (initial active 2) (8 cores per cpu, 2 threads per core) family 6 model 79 stepping 0 microcode 0xffffffff, cx8, cmov, fxsr, ht, mmx, 3dnowpref, sse, sse2, sse3, ssse3, sse4.1, sse4.2, popcnt, lzcnt, tsc, tscinvbit, avx, avx2, aes, erms, clmul, bmi1, bmi2, rtm, adx, fma, vzeroupper, clflush, hv
CPU Model and flags from /proc/cpuinfo:
model name	: Intel(R) Xeon(R) CPU @ 2.20GHz
flags		: fpu vme de pse tsc msr pae mce cx8 apic sep mtrr pge mca cmov pat pse36 clflush mmx fxsr sse sse2 ss ht syscall nx pdpe1gb rdtscp lm constant_tsc rep_good nopl xtopology nonstop_tsc cpuid tsc_known_freq pni pclmulqdq ssse3 fma cx16 pcid sse4_1 sse4_2 x2apic movbe popcnt aes xsave avx f16c rdrand hypervisor lahf_lm abm 3dnowprefetch invpcid_single pti ssbd ibrs ibpb stibp fsgsbase tsc_adjust bmi1 hle avx2 smep bmi2 erms invpcid rtm rdseed adx smap xsaveopt arat md_clear arch_capabilities

Online cpus: 0-15
Offline cpus: 
BIOS frequency limitation: <Not Available>
Frequency switch latency (ns): <Not Available>
Available cpu frequencies: <Not Available>
Current governor: <Not Available>
Core performance/turbo boost: <Not Available>

Memory: 4k page, physical 3292528k(2614220k free), swap 0k(0k free)
Page Sizes: 4k

vm_info: OpenJDK 64-Bit Server VM (17.0.5+8-jvmci-22.3-b08) for linux-amd64 JRE (17.0.5+8-jvmci-22.3-b08), built on Oct 19 2022 09:01:27 by "buildslave" with gcc 10.3.0

END.
